<?xml version="1.0" encoding="utf-8"?><testsuites name="pytest tests"><testsuite name="pytest" errors="0" failures="0" skipped="0" tests="19" time="57.529" timestamp="2026-05-02T15:05:38.033165+00:00" hostname="agent-env-a575aa55-f319-469a-957a-c31ec5932006"><testcase classname="backend.tests.test_dm.TestCompliance" name="test_dirty_text_returns_flags" time="7.002" /><testcase classname="backend.tests.test_dm.TestCompliance" name="test_clean_text_returns_empty" time="1.343" /><testcase classname="backend.tests.test_dm.TestCompliance" name="test_compliance_no_auth_401" time="1.171" /><testcase classname="backend.tests.test_dm.TestSend" name="test_send_clean_text" time="9.486" /><testcase classname="backend.tests.test_dm.TestSend" name="test_send_with_compliance_word_still_succeeds" time="1.961" /><testcase classname="backend.tests.test_dm.TestSend" name="test_send_to_self_400" time="1.738" /><testcase classname="backend.tests.test_dm.TestSend" name="test_send_empty_no_media_400" time="2.503" /><testcase classname="backend.tests.test_dm.TestSend" name="test_send_unknown_recipient_404" time="1.313" /><testcase classname="backend.tests.test_dm.TestSend" name="test_send_unknown_shared_post_still_sends" time="1.972" /><testcase classname="backend.tests.test_dm.TestSend" name="test_send_with_real_shared_post_denormalizes" time="2.958" /><testcase classname="backend.tests.test_dm.TestSend" name="test_send_oversized_image_413" time="3.966" /><testcase classname="backend.tests.test_dm.TestSend" name="test_send_no_auth_401" time="1.012" /><testcase classname="backend.tests.test_dm.TestThreads" name="test_threads_list_sorted_desc" time="3.053" /><testcase classname="backend.tests.test_dm.TestThreads" name="test_threads_no_auth_401" time="0.856" /><testcase classname="backend.tests.test_dm.TestThreadMessages" name="test_thread_messages_ascending" time="9.407" /><testcase classname="backend.tests.test_dm.TestThreadMessages" name="test_thread_messages_self_400" time="0.359" /><testcase classname="backend.tests.test_dm.TestThreadMessages" name="test_thread_messages_unknown_user_404" time="0.304" /><testcase classname="backend.tests.test_dm.TestThreadMessages" name="test_both_participants_see_same_messages" time="2.984" /><testcase classname="backend.tests.test_dm.TestThreadMessages" name="test_thread_messages_no_auth_401" time="1.998" /></testsuite></testsuites>