<?xml version="1.0" encoding="utf-8"?><testsuites name="pytest tests"><testsuite name="pytest" errors="0" failures="1" skipped="0" tests="8" time="9.801" timestamp="2026-05-10T05:41:26.772890+00:00" hostname="agent-env-a575aa55-f319-469a-957a-c31ec5932006"><testcase classname="backend.tests.test_iter24_retest.TestDuplicateApply409" name="test_first_apply_succeeds" time="5.030" /><testcase classname="backend.tests.test_iter24_retest.TestDuplicateApply409" name="test_duplicate_apply_returns_409" time="0.184" /><testcase classname="backend.tests.test_iter24_retest.TestRegression" name="test_jobs_list_seed_present" time="0.142" /><testcase classname="backend.tests.test_iter24_retest.TestRegression" name="test_score_summary" time="0.148" /><testcase classname="backend.tests.test_iter24_retest.TestRegression" name="test_posts_crud" time="0.517" /><testcase classname="backend.tests.test_iter24_retest.TestRegression" name="test_account_deactivate_then_login_reactivates" time="2.766" /><testcase classname="backend.tests.test_iter24_retest.TestRegression" name="test_user_kind_put_persistence" time="0.449" /><testcase classname="backend.tests.test_iter24_retest.TestRegression" name="test_jobs_checkout_url" time="0.152"><failure message="assert 400 == 200&#10; +  where 400 = &lt;Response [400]&gt;.status_code">backend/tests/test_iter24_retest.py:162: in test_jobs_checkout_url
    assert r.status_code == 200
E   assert 400 == 200
E    +  where 400 = &lt;Response [400]&gt;.status_code</failure></testcase></testsuite></testsuites>