<?xml version="1.0" encoding="utf-8"?><testsuites name="pytest tests"><testsuite name="pytest" errors="0" failures="0" skipped="0" tests="10" time="71.742" timestamp="2026-05-12T13:58:22.603432+00:00" hostname="agent-env-a575aa55-f319-469a-957a-c31ec5932006"><testcase classname="backend.tests.test_iter26_features.TestAdminDashboardMetrics" name="test_admin_jwt_ok" time="23.481" /><testcase classname="backend.tests.test_iter26_features.TestAdminDashboardMetrics" name="test_non_admin_no_password_403" time="3.469" /><testcase classname="backend.tests.test_iter26_features.TestAdminDashboardMetrics" name="test_non_admin_wrong_password_403" time="4.321" /><testcase classname="backend.tests.test_iter26_features.TestAdminDashboardMetrics" name="test_non_admin_correct_password_promotes" time="7.652" /><testcase classname="backend.tests.test_iter26_features.TestReferralTrackClick" name="test_track_click_with_valid_share_code" time="7.396" /><testcase classname="backend.tests.test_iter26_features.TestReferralTrackClick" name="test_track_click_empty_ref_400" time="0.435" /><testcase classname="backend.tests.test_iter26_features.TestReferralTrackClick" name="test_track_click_no_auth_required" time="5.550" /><testcase classname="backend.tests.test_iter26_features.TestReferralsMe" name="test_full_flow" time="11.270" /><testcase classname="backend.tests.test_iter26_features.TestReferralsMe" name="test_me_requires_auth" time="0.261" /><testcase classname="backend.tests.test_iter26_features.TestRegressionAdminRole" name="test_role_patch_admin_only" time="7.677" /></testsuite></testsuites>