<?xml version="1.0" encoding="utf-8"?><testsuites name="pytest tests"><testsuite name="pytest" errors="0" failures="0" skipped="0" tests="5" time="16.274" timestamp="2026-06-24T19:33:21.845814+00:00" hostname="agent-env-a575aa55-f319-469a-957a-c31ec5932006"><testcase classname="tests.test_iter55b_ambassador_email_dedupe.TestRoleChangeHtmlBody" name="test_ambassador_grant_html_contains_required_sections" time="2.204" /><testcase classname="tests.test_iter55b_ambassador_email_dedupe.TestRoleChangeHtmlBody" name="test_non_ambassador_grant_skips_wallet_block" time="0.002" /><testcase classname="tests.test_iter55b_ambassador_email_dedupe.TestRoleChangeHtmlBody" name="test_ambassador_grant_without_wallet_info_no_wallet_block" time="0.001" /><testcase classname="tests.test_iter55b_ambassador_email_dedupe.TestAmbassadorGrantEmailDedupe" name="test_grant_fires_exactly_one_email_with_new_subject" time="6.653" /><testcase classname="tests.test_iter55b_ambassador_email_dedupe.TestAmbassadorGrantEmailDedupe" name="test_repeat_grant_is_idempotent_no_extra_email" time="7.232" /></testsuite></testsuites>