<?xml version="1.0" encoding="utf-8"?><testsuites name="pytest tests"><testsuite name="pytest" errors="0" failures="1" skipped="0" tests="36" time="67.194" timestamp="2026-05-20T19:02:56.195272+00:00" hostname="agent-env-a575aa55-f319-469a-957a-c31ec5932006"><testcase classname="backend.tests.test_iter28_feature_flags_ambassador.TestSystemAccount" name="test_networkcapital_seeded" time="4.201" /><testcase classname="backend.tests.test_iter28_feature_flags_ambassador.TestFeatureFlags" name="test_public_get_no_auth" time="0.352" /><testcase classname="backend.tests.test_iter28_feature_flags_ambassador.TestFeatureFlags" name="test_default_is_false" time="0.648" /><testcase classname="backend.tests.test_iter28_feature_flags_ambassador.TestFeatureFlags" name="test_admin_can_toggle" time="1.005" /><testcase classname="backend.tests.test_iter28_feature_flags_ambassador.TestFeatureFlags" name="test_moderator_cannot_toggle" time="3.989" /><testcase classname="backend.tests.test_iter28_feature_flags_ambassador.TestFeatureFlags" name="test_non_admin_cannot_toggle" time="3.148" /><testcase classname="backend.tests.test_iter28_feature_flags_ambassador.TestStokvelPlusGate" name="test_creation_blocked_when_flag_off" time="0.621" /><testcase classname="backend.tests.test_iter28_feature_flags_ambassador.TestStokvelPlusGate" name="test_invite_blocked_when_flag_off" time="0.697" /><testcase classname="backend.tests.test_iter28_feature_flags_ambassador.TestStokvelPlusGate" name="test_creation_succeeds_when_flag_on" time="1.491" /><testcase classname="backend.tests.test_iter28_feature_flags_ambassador.TestAdminAnnounce" name="test_admin_announce_creates_nc_post" time="0.346"><failure message="Failed: BACKEND BUG: /api/posts returns 500 after announce. Announce post is missing `user_score` and `likes` is int instead of List[str]. Fix in admin_announce_as_network_capital (server.py ~L7379).">backend/tests/test_iter28_feature_flags_ambassador.py:259: in test_admin_announce_creates_nc_post
    pytest.fail(
E   Failed: BACKEND BUG: /api/posts returns 500 after announce. Announce post is missing `user_score` and `likes` is int instead of List[str]. Fix in admin_announce_as_network_capital (server.py ~L7379).</failure></testcase><testcase classname="backend.tests.test_iter28_feature_flags_ambassador.TestAdminAnnounce" name="test_moderator_cannot_announce" time="0.381" /><testcase classname="backend.tests.test_iter28_feature_flags_ambassador.TestAdminAnnounce" name="test_empty_content_rejected" time="0.341" /><testcase classname="backend.tests.test_iter28_feature_flags_ambassador.TestAdminDM" name="test_admin_can_dm_as_nc" time="0.559" /><testcase classname="backend.tests.test_iter28_feature_flags_ambassador.TestAdminDM" name="test_dm_unknown_user_404" time="0.250" /><testcase classname="backend.tests.test_iter28_feature_flags_ambassador.TestAdminDM" name="test_moderator_cannot_dm_as_nc" time="20.200" /><testcase classname="backend.tests.test_iter28_feature_flags_ambassador.TestRestrictUser" name="test_restrict_sets_field" time="3.345" /><testcase classname="backend.tests.test_iter28_feature_flags_ambassador.TestRestrictUser" name="test_empty_body_400" time="0.260" /><testcase classname="backend.tests.test_iter28_feature_flags_ambassador.TestFlagUser" name="test_flag_and_unflag" time="3.664" /><testcase classname="backend.tests.test_iter28_feature_flags_ambassador.TestFullProfile" name="test_full_profile_shape" time="0.261" /><testcase classname="backend.tests.test_iter28_feature_flags_ambassador.TestFullProfile" name="test_full_profile_404" time="0.226" /><testcase classname="backend.tests.test_iter28_feature_flags_ambassador.TestAdminDeletes" name="test_delete_stokvel_cascade" time="1.218" /><testcase classname="backend.tests.test_iter28_feature_flags_ambassador.TestAdminDeletes" name="test_delete_job_404" time="0.203" /><testcase classname="backend.tests.test_iter28_feature_flags_ambassador.TestAdminDeletes" name="test_delete_place_404" time="0.237" /><testcase classname="backend.tests.test_iter28_feature_flags_ambassador.TestAdminDeletes" name="test_delete_activity_404" time="0.197" /><testcase classname="backend.tests.test_iter28_feature_flags_ambassador.TestAdminLists" name="test_admin_jobs_list" time="0.178" /><testcase classname="backend.tests.test_iter28_feature_flags_ambassador.TestAdminLists" name="test_admin_places_list" time="0.194" /><testcase classname="backend.tests.test_iter28_feature_flags_ambassador.TestAdminLists" name="test_admin_activities_list" time="0.195" /><testcase classname="backend.tests.test_iter28_feature_flags_ambassador.TestAdminLists" name="test_admin_lists_moderator_allowed" time="0.220" /><testcase classname="backend.tests.test_iter28_feature_flags_ambassador.TestAdminLists" name="test_admin_ambassadors_list" time="0.236" /><testcase classname="backend.tests.test_iter28_feature_flags_ambassador.TestAmbassadorRole" name="test_admin_makes_ambassador" time="2.995" /><testcase classname="backend.tests.test_iter28_feature_flags_ambassador.TestAmbassadorRole" name="test_admin_clears_ambassador" time="3.898" /><testcase classname="backend.tests.test_iter28_feature_flags_ambassador.TestAmbassadorRole" name="test_moderator_cannot_make_ambassador" time="0.193" /><testcase classname="backend.tests.test_iter28_feature_flags_ambassador.TestAmbassadorDashboard" name="test_non_ambassador_denied" time="0.247" /><testcase classname="backend.tests.test_iter28_feature_flags_ambassador.TestAmbassadorDashboard" name="test_ambassador_dashboard_shape" time="3.151" /><testcase classname="backend.tests.test_iter28_feature_flags_ambassador.TestAmbassadorLeaderboard" name="test_public_leaderboard_no_auth" time="0.215" /><testcase classname="backend.tests.test_iter28_feature_flags_ambassador.TestAmbassadorLeaderboard" name="test_leaderboard_sorted_by_contribution" time="7.068" /></testsuite></testsuites>