<?xml version="1.0" encoding="utf-8"?><testsuites name="pytest tests"><testsuite name="pytest" errors="0" failures="0" skipped="0" tests="25" time="105.050" timestamp="2026-05-20T18:17:48.829712+00:00" hostname="agent-env-a575aa55-f319-469a-957a-c31ec5932006"><testcase classname="backend.tests.test_iter27_admin_moderation.TestAuditLog" name="test_requires_admin" time="2.619" /><testcase classname="backend.tests.test_iter27_admin_moderation.TestAuditLog" name="test_returns_list_newest_first" time="5.722" /><testcase classname="backend.tests.test_iter27_admin_moderation.TestSuspendToggle" name="test_suspend_toggle" time="3.217" /><testcase classname="backend.tests.test_iter27_admin_moderation.TestUserSingleDelete" name="test_self_delete_blocked" time="0.206" /><testcase classname="backend.tests.test_iter27_admin_moderation.TestUserSingleDelete" name="test_soft_delete_with_purge_content" time="3.434" /><testcase classname="backend.tests.test_iter27_admin_moderation.TestUserSingleDelete" name="test_hard_delete_cascades" time="3.240" /><testcase classname="backend.tests.test_iter27_admin_moderation.TestBulkUserDelete" name="test_preview_then_soft_requires_token" time="5.632" /><testcase classname="backend.tests.test_iter27_admin_moderation.TestBulkUserDelete" name="test_admins_excluded_from_bulk_sweep" time="0.191" /><testcase classname="backend.tests.test_iter27_admin_moderation.TestContentSingleDelete" name="test_post_delete_and_404" time="3.081" /><testcase classname="backend.tests.test_iter27_admin_moderation.TestContentSingleDelete" name="test_message_delete_404_for_missing" time="0.198" /><testcase classname="backend.tests.test_iter27_admin_moderation.TestContentBulkDelete" name="test_preview_then_execute_posts" time="3.340" /><testcase classname="backend.tests.test_iter27_admin_moderation.TestContentBulkDelete" name="test_bad_kind_400" time="0.199" /><testcase classname="backend.tests.test_iter27_admin_moderation.TestCreditGrants" name="test_reason_too_short_400" time="2.660" /><testcase classname="backend.tests.test_iter27_admin_moderation.TestCreditGrants" name="test_amount_zero_400" time="2.898" /><testcase classname="backend.tests.test_iter27_admin_moderation.TestCreditGrants" name="test_bad_currency_400" time="2.466" /><testcase classname="backend.tests.test_iter27_admin_moderation.TestCreditGrants" name="test_bad_target_type_400" time="0.165" /><testcase classname="backend.tests.test_iter27_admin_moderation.TestCreditGrants" name="test_positive_grant_user_usd_increments_wallet" time="2.869" /><testcase classname="backend.tests.test_iter27_admin_moderation.TestCreditGrants" name="test_negative_grant_user_decrements" time="3.021" /><testcase classname="backend.tests.test_iter27_admin_moderation.TestCreditGrants" name="test_zar_grant_converts_to_usd" time="2.881" /><testcase classname="backend.tests.test_iter27_admin_moderation.TestCreditGrants" name="test_hard_cap_requires_co_approval" time="5.786" /><testcase classname="backend.tests.test_iter27_admin_moderation.TestCreditGrants" name="test_notification_emitted_on_user_grant" time="2.466" /><testcase classname="backend.tests.test_iter27_admin_moderation.TestCreditGrants" name="test_list_grants" time="0.165" /><testcase classname="backend.tests.test_iter27_admin_moderation.TestStokvelPoolGrant" name="test_positive_stokvel_grant_increments_pool" time="4.543" /><testcase classname="backend.tests.test_iter27_admin_moderation.TestAdminStokvels" name="test_requires_admin" time="20.324" /><testcase classname="backend.tests.test_iter27_admin_moderation.TestAdminStokvels" name="test_search" time="23.562" /></testsuite></testsuites>