<?xml version="1.0" encoding="utf-8"?><testsuites name="pytest tests"><testsuite name="pytest" errors="0" failures="0" skipped="0" tests="22" time="4.024" timestamp="2026-06-10T11:28:05.044533+00:00" hostname="agent-env-a575aa55-f319-469a-957a-c31ec5932006"><testcase classname="backend.tests.test_iter54_command_center.TestCommandCenterPayload" name="test_top_level_keys" time="0.700" /><testcase classname="backend.tests.test_iter54_command_center.TestCommandCenterPayload" name="test_kpis_shape" time="0.001" /><testcase classname="backend.tests.test_iter54_command_center.TestCommandCenterPayload" name="test_network_has_ambassador_and_nodes" time="0.001" /><testcase classname="backend.tests.test_iter54_command_center.TestCommandCenterPayload" name="test_each_node_has_required_fields" time="0.000" /><testcase classname="backend.tests.test_iter54_command_center.TestCommandCenterPayload" name="test_engagement_score_and_color_consistency" time="0.001" /><testcase classname="backend.tests.test_iter54_command_center.TestCommandCenterPayload" name="test_stage_classification_seeded" time="0.001" /><testcase classname="backend.tests.test_iter54_command_center.TestCommandCenterPayload" name="test_funnel_six_stages_with_relative_pct" time="0.000" /><testcase classname="backend.tests.test_iter54_command_center.TestCommandCenterPayload" name="test_heatmap_thirty_entries" time="0.000" /><testcase classname="backend.tests.test_iter54_command_center.TestCommandCenterPayload" name="test_level_card" time="0.000" /><testcase classname="backend.tests.test_iter54_command_center.TestCommandCenterPayload" name="test_hidden_bonus_signal" time="0.000" /><testcase classname="backend.tests.test_iter54_command_center.TestCommandCenterPayload" name="test_insights_present" time="0.001" /><testcase classname="backend.tests.test_iter54_command_center.TestCommandCenterPayload" name="test_autopilot_shape" time="0.000" /><testcase classname="backend.tests.test_iter54_command_center.TestCommandCenterPayload" name="test_non_ambassador_403" time="0.619" /><testcase classname="backend.tests.test_iter54_command_center.TestEngagementEmails" name="test_engage_unknown_type_returns_400" time="0.182" /><testcase classname="backend.tests.test_iter54_command_center.TestEngagementEmails" name="test_engage_referral_not_in_network_returns_404" time="0.161" /><testcase classname="backend.tests.test_iter54_command_center.TestEngagementEmails" name="test_engage_each_type_writes_row" time="0.792" /><testcase classname="backend.tests.test_iter54_command_center.TestEngagementEmails" name="test_engagement_log_returns_rows" time="0.176" /><testcase classname="backend.tests.test_iter54_command_center.TestEngagementEmails" name="test_engagement_log_non_ambassador_403" time="0.139" /><testcase classname="backend.tests.test_iter54_command_center.TestAutopilot" name="test_toggle_on_then_off" time="0.589" /><testcase classname="backend.tests.test_iter54_command_center.TestAutopilot" name="test_autopilot_non_ambassador_403" time="0.131" /><testcase classname="backend.tests.test_iter54_command_center.TestRegression" name="test_ambassadors_me_still_works" time="0.129" /><testcase classname="backend.tests.test_iter54_command_center.TestRegression" name="test_ambassador_incentive_still_works" time="0.153" /></testsuite></testsuites>