<?xml version="1.0" encoding="utf-8"?><testsuites name="pytest tests"><testsuite name="pytest" errors="0" failures="0" skipped="0" tests="11" time="5.802" timestamp="2026-06-25T00:14:50.434362+00:00" hostname="agent-env-a575aa55-f319-469a-957a-c31ec5932006"><testcase classname="backend.tests.test_iter56e_moderation_outreach.TestOutreachTemplates" name="test_templates_list_has_influencer_no_join_movement" time="0.621" /><testcase classname="backend.tests.test_iter56e_moderation_outreach.TestOutreachTemplates" name="test_influencer_preview_contains_required_phrases" time="0.119" /><testcase classname="backend.tests.test_iter56e_moderation_outreach.TestAdminModeration" name="test_hide_post_sets_flags_and_excludes_from_public_feed" time="1.348" /><testcase classname="backend.tests.test_iter56e_moderation_outreach.TestAdminModeration" name="test_unhide_post_restores_visibility" time="1.041" /><testcase classname="backend.tests.test_iter56e_moderation_outreach.TestAdminModeration" name="test_hide_unknown_post_404" time="0.166" /><testcase classname="backend.tests.test_iter56e_moderation_outreach.TestAdminModeration" name="test_unhide_unknown_post_404" time="0.122" /><testcase classname="backend.tests.test_iter56e_moderation_outreach.TestAdminModeration" name="test_delete_post_still_works_and_404_for_unknown" time="0.426" /><testcase classname="backend.tests.test_iter56e_moderation_outreach.TestModerationPermissionGating" name="test_hide_forbidden_for_regular_user" time="0.287" /><testcase classname="backend.tests.test_iter56e_moderation_outreach.TestModerationPermissionGating" name="test_unhide_forbidden_for_regular_user" time="0.308" /><testcase classname="backend.tests.test_iter56e_moderation_outreach.TestModerationPermissionGating" name="test_admin_delete_forbidden_for_regular_user" time="0.277" /><testcase classname="backend.tests.test_iter56e_moderation_outreach.TestModerationPermissionGating" name="test_public_feed_still_excludes_hidden_for_anonymous" time="0.964" /></testsuite></testsuites>