<?xml version="1.0" encoding="utf-8"?><testsuites name="pytest tests"><testsuite name="pytest" errors="0" failures="0" skipped="0" tests="19" time="6.365" timestamp="2026-06-10T09:24:07.190820+00:00" hostname="agent-env-a575aa55-f319-469a-957a-c31ec5932006"><testcase classname="backend.tests.test_iter51_carousel_reels.TestUploadMedia" name="test_upload_requires_auth" time="0.176" /><testcase classname="backend.tests.test_iter51_carousel_reels.TestUploadMedia" name="test_upload_image_posts_scope_success" time="0.667" /><testcase classname="backend.tests.test_iter51_carousel_reels.TestUploadMedia" name="test_upload_video_posts_scope_success" time="0.146" /><testcase classname="backend.tests.test_iter51_carousel_reels.TestUploadMedia" name="test_upload_announcement_scope_non_admin_403" time="0.313" /><testcase classname="backend.tests.test_iter51_carousel_reels.TestUploadMedia" name="test_upload_announcement_scope_admin_success" time="0.561" /><testcase classname="backend.tests.test_iter51_carousel_reels.TestUploadMedia" name="test_upload_unknown_scope_400" time="0.127" /><testcase classname="backend.tests.test_iter51_carousel_reels.TestUploadMedia" name="test_upload_unsupported_mime_415" time="0.134" /><testcase classname="backend.tests.test_iter51_carousel_reels.TestUploadMedia" name="test_upload_oversize_image_413" time="0.584" /><testcase classname="backend.tests.test_iter51_carousel_reels.TestPostCarouselReel" name="test_carousel_post_persists_slides" time="0.740" /><testcase classname="backend.tests.test_iter51_carousel_reels.TestPostCarouselReel" name="test_carousel_less_than_2_slides_400" time="0.244" /><testcase classname="backend.tests.test_iter51_carousel_reels.TestPostCarouselReel" name="test_carousel_more_than_10_slides_400" time="0.293" /><testcase classname="backend.tests.test_iter51_carousel_reels.TestPostCarouselReel" name="test_reel_post_persists" time="0.288" /><testcase classname="backend.tests.test_iter51_carousel_reels.TestPostCarouselReel" name="test_reel_duration_over_30_returns_400" time="0.263" /><testcase classname="backend.tests.test_iter51_carousel_reels.TestPostCarouselReel" name="test_legacy_single_image_post_still_works" time="0.285" /><testcase classname="backend.tests.test_iter51_carousel_reels.TestAdminAnnounce" name="test_non_admin_forbidden" time="0.130" /><testcase classname="backend.tests.test_iter51_carousel_reels.TestAdminAnnounce" name="test_announce_carousel" time="0.445" /><testcase classname="backend.tests.test_iter51_carousel_reels.TestAdminAnnounce" name="test_announce_reel" time="0.276" /><testcase classname="backend.tests.test_iter51_carousel_reels.TestAdminAnnounce" name="test_announce_carousel_under_2_slides_400" time="0.278" /><testcase classname="backend.tests.test_iter51_carousel_reels.TestAdminAnnounce" name="test_announce_reel_over_30s_400" time="0.262" /></testsuite></testsuites>