<?xml version="1.0" encoding="utf-8"?><testsuites name="pytest tests"><testsuite name="pytest" errors="0" failures="0" skipped="0" tests="27" time="8.751" timestamp="2026-06-06T06:34:59.114788+00:00" hostname="agent-env-a575aa55-f319-469a-957a-c31ec5932006"><testcase classname="backend.tests.test_iter48_ambassador_jobs_cleanup.TestAmbassadorConfig" name="test_super_admin_get_config" time="0.274" /><testcase classname="backend.tests.test_iter48_ambassador_jobs_cleanup.TestAmbassadorConfig" name="test_standard_admin_forbidden" time="0.144" /><testcase classname="backend.tests.test_iter48_ambassador_jobs_cleanup.TestAmbassadorConfig" name="test_super_admin_patch_config_is_idempotent" time="0.157" /><testcase classname="backend.tests.test_iter48_ambassador_jobs_cleanup.TestAmbassadorConfig" name="test_patch_no_editable_fields_400" time="0.154" /><testcase classname="backend.tests.test_iter48_ambassador_jobs_cleanup.TestAmbassadorAllocation" name="test_post_make_ambassador_allocates_8500" time="0.736" /><testcase classname="backend.tests.test_iter48_ambassador_jobs_cleanup.TestAmbassadorAllocation" name="test_re_grant_does_not_reallocate" time="0.615" /><testcase classname="backend.tests.test_iter48_ambassador_jobs_cleanup.TestAmbassadorAllocation" name="test_role_patch_to_ambassador_allocates" time="0.473" /><testcase classname="backend.tests.test_iter48_ambassador_jobs_cleanup.TestAmbassadorIncentive" name="test_non_ambassador_payload" time="0.205" /><testcase classname="backend.tests.test_iter48_ambassador_jobs_cleanup.TestAmbassadorIncentive" name="test_ambassador_payload_zar" time="0.594" /><testcase classname="backend.tests.test_iter48_ambassador_jobs_cleanup.TestAmbassadorIncentive" name="test_ambassador_payload_usd_conversion" time="0.597" /><testcase classname="backend.tests.test_iter48_ambassador_jobs_cleanup.TestAmbassadorWithdraw" name="test_withdraw_non_ambassador_blocked" time="0.139" /><testcase classname="backend.tests.test_iter48_ambassador_jobs_cleanup.TestAmbassadorWithdraw" name="test_withdraw_june_lock_for_ambassador" time="0.590" /><testcase classname="backend.tests.test_iter48_ambassador_jobs_cleanup.TestActivityUnlock" name="test_activity_unlock_flips_flag" time="0.639" /><testcase classname="backend.tests.test_iter48_ambassador_jobs_cleanup.TestAdminJobApplications" name="test_list_with_counts" time="0.166" /><testcase classname="backend.tests.test_iter48_ambassador_jobs_cleanup.TestAdminJobApplications" name="test_list_forbidden_for_plain_user" time="0.134" /><testcase classname="backend.tests.test_iter48_ambassador_jobs_cleanup.TestAdminJobApplications" name="test_mark_viewed_idempotent" time="0.429" /><testcase classname="backend.tests.test_iter48_ambassador_jobs_cleanup.TestAdminJobApplications" name="test_status_update" time="0.284" /><testcase classname="backend.tests.test_iter48_ambassador_jobs_cleanup.TestAdminJobApplications" name="test_status_invalid_400" time="0.142" /><testcase classname="backend.tests.test_iter48_ambassador_jobs_cleanup.TestUserCleanup" name="test_candidates_super_admin" time="0.654" /><testcase classname="backend.tests.test_iter48_ambassador_jobs_cleanup.TestUserCleanup" name="test_candidates_forbidden_for_standard_admin" time="0.128" /><testcase classname="backend.tests.test_iter48_ambassador_jobs_cleanup.TestUserCleanup" name="test_delete_short_reason_400" time="0.136" /><testcase classname="backend.tests.test_iter48_ambassador_jobs_cleanup.TestUserCleanup" name="test_delete_email_mismatch_400" time="0.142" /><testcase classname="backend.tests.test_iter48_ambassador_jobs_cleanup.TestUserCleanup" name="test_delete_with_wallet_balance_400" time="0.130" /><testcase classname="backend.tests.test_iter48_ambassador_jobs_cleanup.TestUserCleanup" name="test_delete_admin_role_403" time="0.130" /><testcase classname="backend.tests.test_iter48_ambassador_jobs_cleanup.TestUserCleanup" name="test_delete_platform_owner_403" time="0.131" /><testcase classname="backend.tests.test_iter48_ambassador_jobs_cleanup.TestUserCleanup" name="test_forbidden_for_standard_admin" time="0.127" /><testcase classname="backend.tests.test_iter48_ambassador_jobs_cleanup.TestUserCleanup" name="test_hard_delete_success" time="0.194" /></testsuite></testsuites>