<?xml version="1.0" encoding="utf-8"?><testsuites name="pytest tests"><testsuite name="pytest" errors="0" failures="0" skipped="0" tests="11" time="76.433" timestamp="2026-05-01T22:31:01.696466+00:00" hostname="agent-env-a575aa55-f319-469a-957a-c31ec5932006"><testcase classname="backend.tests.test_currency_premium.TestCurrenciesList" name="test_currencies_endpoint" time="6.296" /><testcase classname="backend.tests.test_currency_premium.TestPremiumUnlock" name="test_unlock_zar_first_call" time="3.174" /><testcase classname="backend.tests.test_currency_premium.TestPremiumUnlock" name="test_unlock_second_call_already_premium" time="7.220" /><testcase classname="backend.tests.test_currency_premium.TestPremiumUnlock" name="test_unlock_invalid_currency" time="4.859" /><testcase classname="backend.tests.test_currency_premium.TestPutUserCurrency" name="test_set_currency_valid" time="5.903" /><testcase classname="backend.tests.test_currency_premium.TestPutUserCurrency" name="test_set_currency_invalid" time="4.988" /><testcase classname="backend.tests.test_currency_premium.TestUsersMeFields" name="test_users_me_has_currency_and_premium_flag" time="5.961" /><testcase classname="backend.tests.test_currency_premium.TestPaywallGating" name="test_wallet_deposit_402_when_locked" time="3.724" /><testcase classname="backend.tests.test_currency_premium.TestPaywallGating" name="test_wallet_deposit_succeeds_after_unlock" time="6.031" /><testcase classname="backend.tests.test_currency_premium.TestPaywallGating" name="test_stokvel_contribute_402_when_locked" time="13.106" /><testcase classname="backend.tests.test_currency_premium.TestPaywallGating" name="test_product_support_402_when_locked" time="13.156" /></testsuite></testsuites>