<?xml version="1.0" encoding="utf-8"?><testsuites name="pytest tests"><testsuite name="pytest" errors="0" failures="0" skipped="0" tests="8" time="8.535" timestamp="2026-05-05T12:22:49.542487+00:00" hostname="agent-env-a575aa55-f319-469a-957a-c31ec5932006"><testcase classname="backend.tests.test_iter16_banking_photoprop.TestBankingEndpoints" name="test_complete_profile_without_banking_succeeds" time="0.661" /><testcase classname="backend.tests.test_iter16_banking_photoprop.TestBankingEndpoints" name="test_get_banking_returns_on_file_false_when_unset" time="0.740" /><testcase classname="backend.tests.test_iter16_banking_photoprop.TestBankingEndpoints" name="test_post_banking_unauth_rejected" time="0.132" /><testcase classname="backend.tests.test_iter16_banking_photoprop.TestBankingEndpoints" name="test_post_banking_auth_persists_and_get_masks" time="0.901" /><testcase classname="backend.tests.test_iter16_banking_photoprop.TestPhotoPropagation" name="test_post_user_photo_updates_after_put_users_me" time="1.649" /><testcase classname="backend.tests.test_iter16_banking_photoprop.TestPhotoPropagation" name="test_story_user_photo_updates_after_put_users_me" time="1.639" /><testcase classname="backend.tests.test_iter16_banking_photoprop.TestPhotoPropagation" name="test_dm_sender_photo_updates_after_put_users_me" time="2.143" /><testcase classname="backend.tests.test_iter16_banking_photoprop.TestCompleteProfileRegression" name="test_complete_profile_with_country_only" time="0.553" /></testsuite></testsuites>