<?xml version="1.0" encoding="utf-8"?><testsuites name="pytest tests"><testsuite name="pytest" errors="0" failures="0" skipped="0" tests="8" time="3.524" timestamp="2026-05-05T11:54:10.316549+00:00" hostname="agent-env-a575aa55-f319-469a-957a-c31ec5932006"><testcase classname="backend.tests.test_iter15_landing_banking.TestHubsRegions" name="test_regions_returns_all_african_countries" time="0.316" /><testcase classname="backend.tests.test_iter15_landing_banking.TestHubsRegions" name="test_cities_returns_100_plus_with_full_metadata" time="0.069" /><testcase classname="backend.tests.test_iter15_landing_banking.TestCompleteProfileBanking" name="test_complete_profile_with_banking_persists_uppercased_swift" time="0.527" /><testcase classname="backend.tests.test_iter15_landing_banking.TestCompleteProfileBanking" name="test_complete_profile_without_banking_succeeds" time="0.549" /><testcase classname="backend.tests.test_iter15_landing_banking.TestCompleteProfileBanking" name="test_post_banking_endpoint_updates_user" time="0.588" /><testcase classname="backend.tests.test_iter15_landing_banking.TestCompleteProfileBanking" name="test_banking_endpoints_require_auth" time="0.109" /><testcase classname="backend.tests.test_iter15_landing_banking.TestCompleteProfileBanking" name="test_complete_profile_invalid_country" time="0.647" /><testcase classname="backend.tests.test_iter15_landing_banking.TestCompleteProfileBanking" name="test_complete_profile_invalid_province" time="0.513" /></testsuite></testsuites>