<?xml version="1.0" encoding="utf-8"?><testsuites name="pytest tests"><testsuite name="pytest" errors="0" failures="0" skipped="0" tests="10" time="5.453" timestamp="2026-05-08T22:10:38.396006+00:00" hostname="agent-env-a575aa55-f319-469a-957a-c31ec5932006"><testcase classname="backend.tests.test_iter20_monthly_cap" name="test_score_summary_returns_monthly_cap_10000" time="1.290" /><testcase classname="backend.tests.test_iter20_monthly_cap" name="test_lifetime_mirrors_monthly" time="0.055" /><testcase classname="backend.tests.test_iter20_monthly_cap" name="test_users_me_network_score_matches_summary_monthly" time="0.113" /><testcase classname="backend.tests.test_iter20_monthly_cap" name="test_daily_checkin_awards_then_idempotent" time="0.283" /><testcase classname="backend.tests.test_iter20_monthly_cap" name="test_network_score_mirrored_after_award" time="0.110" /><testcase classname="backend.tests.test_iter20_monthly_cap" name="test_month_rollover_resets_both_scores" time="1.642" /><testcase classname="backend.tests.test_iter20_monthly_cap" name="test_award_zero_when_monthly_cap_reached" time="1.288" /><testcase classname="backend.tests.test_iter20_monthly_cap" name="test_founders_status_public" time="0.141" /><testcase classname="backend.tests.test_iter20_monthly_cap" name="test_score_tiers_public_lifetime_cap_10000" time="0.158" /><testcase classname="backend.tests.test_iter20_monthly_cap" name="test_referral_code_uppercase_present" time="0.052" /></testsuite></testsuites>