<?xml version="1.0" encoding="utf-8"?><testsuites name="pytest tests"><testsuite name="pytest" errors="0" failures="0" skipped="0" tests="7" time="3.453" timestamp="2026-06-25T09:28:05.926282+00:00" hostname="agent-env-a575aa55-f319-469a-957a-c31ec5932006"><testcase classname="backend.tests.test_iter58_perf_follow_sitemap.TestPostsPerf" name="test_get_posts_super_admin" time="0.692" /><testcase classname="backend.tests.test_iter58_perf_follow_sitemap.TestStorefrontFollow" name="test_owner_cannot_follow_own_store" time="0.128" /><testcase classname="backend.tests.test_iter58_perf_follow_sitemap.TestStorefrontFollow" name="test_follow_toggle_and_status" time="0.941" /><testcase classname="backend.tests.test_iter58_perf_follow_sitemap.TestStorefrontFollow" name="test_follow_unknown_store_404" time="0.127" /><testcase classname="backend.tests.test_iter58_perf_follow_sitemap.TestProductDelete" name="test_non_owner_non_admin_cannot_delete" time="0.688" /><testcase classname="backend.tests.test_iter58_perf_follow_sitemap.TestProductDelete" name="test_owner_can_soft_delete" time="0.387" /><testcase classname="backend.tests.test_iter58_perf_follow_sitemap.TestJobsAdminEdit" name="test_super_admin_can_edit_any_job" time="0.354" /></testsuite></testsuites>