<?xml version="1.0" encoding="utf-8"?><testsuites name="pytest tests"><testsuite name="pytest" errors="0" failures="0" skipped="0" tests="19" time="13.291" timestamp="2026-05-20T21:55:36.577002+00:00" hostname="agent-env-a575aa55-f319-469a-957a-c31ec5932006"><testcase classname="backend.tests.test_iter29_promotions.TestPromotionsAdminCRUD" name="test_list_promotions_returns_seed" time="3.178" /><testcase classname="backend.tests.test_iter29_promotions.TestPromotionsAdminCRUD" name="test_create_promotion_24_7_active" time="0.230" /><testcase classname="backend.tests.test_iter29_promotions.TestPromotionsAdminCRUD" name="test_patch_promotion_toggle" time="0.193" /><testcase classname="backend.tests.test_iter29_promotions.TestPromotionsAdminCRUD" name="test_delete_promotion" time="0.319" /><testcase classname="backend.tests.test_iter29_promotions.TestPromotionsAnalytics" name="test_summary_with_24x7_promo" time="0.118" /><testcase classname="backend.tests.test_iter29_promotions.TestPromotionsAnalytics" name="test_leaderboard" time="0.086" /><testcase classname="backend.tests.test_iter29_promotions.TestPromotionsAnalytics" name="test_feed" time="0.083" /><testcase classname="backend.tests.test_iter29_promotions.TestPromotionsAnalytics" name="test_participants" time="0.112" /><testcase classname="backend.tests.test_iter29_promotions.TestPromotionsAnalytics" name="test_all_promotions_summary_and_sast" time="0.091" /><testcase classname="backend.tests.test_iter29_promotions.TestPromotionPublic" name="test_public_active_no_auth" time="0.291" /><testcase classname="backend.tests.test_iter29_promotions.TestPromotionPermissions" name="test_member_blocked_from_list" time="2.588" /><testcase classname="backend.tests.test_iter29_promotions.TestPromotionPermissions" name="test_member_blocked_from_create" time="0.079" /><testcase classname="backend.tests.test_iter29_promotions.TestPromotionPermissions" name="test_member_blocked_from_summary_roll" time="0.078" /><testcase classname="backend.tests.test_iter29_promotions.TestScoreEventIntegration" name="test_post_create_records_event" time="2.341" /><testcase classname="backend.tests.test_iter29_promotions.TestRegressionSmoke" name="test_admin_dashboard_metrics" time="0.175" /><testcase classname="backend.tests.test_iter29_promotions.TestRegressionSmoke" name="test_admin_users_list" time="0.133" /><testcase classname="backend.tests.test_iter29_promotions.TestRegressionSmoke" name="test_connections_me_summary" time="0.082" /><testcase classname="backend.tests.test_iter29_promotions.TestRegressionSmoke" name="test_places" time="0.084" /><testcase classname="backend.tests.test_iter29_promotions.TestRegressionSmoke" name="test_jobs" time="2.579" /></testsuite></testsuites>