<?xml version="1.0" encoding="utf-8"?><testsuites name="pytest tests"><testsuite name="pytest" errors="0" failures="0" skipped="0" tests="23" time="47.627" timestamp="2026-05-12T13:59:44.276132+00:00" hostname="agent-env-a575aa55-f319-469a-957a-c31ec5932006"><testcase classname="backend.tests.test_iter25_features.TestPlaces" name="test_create_and_get" time="4.550" /><testcase classname="backend.tests.test_iter25_features.TestPlaces" name="test_review_awards_40_and_dup_409" time="9.925" /><testcase classname="backend.tests.test_iter25_features.TestPlaces" name="test_delete_review_recomputes" time="1.138" /><testcase classname="backend.tests.test_iter25_features.TestPlaces" name="test_claim_flow" time="9.229" /><testcase classname="backend.tests.test_iter25_features.TestPlaces" name="test_owner_reply" time="1.063" /><testcase classname="backend.tests.test_iter25_features.TestNetwork" name="test_request_idempotent" time="4.913" /><testcase classname="backend.tests.test_iter25_features.TestNetwork" name="test_accept_awards_25_both_sides" time="4.221" /><testcase classname="backend.tests.test_iter25_features.TestNetwork" name="test_summary_counts" time="0.571" /><testcase classname="backend.tests.test_iter25_features.TestNetwork" name="test_list_with_filter_and_enrichment" time="0.323" /><testcase classname="backend.tests.test_iter25_features.TestNetwork" name="test_reject_path" time="4.550" /><testcase classname="backend.tests.test_iter25_features.TestJobReactions" name="test_react_toggle_and_switch" time="1.793" /><testcase classname="backend.tests.test_iter25_features.TestJobReactions" name="test_react_404_for_bad_job" time="0.230" /><testcase classname="backend.tests.test_iter25_features.TestJobReactions" name="test_share_clean_url_and_award" time="0.938" /><testcase classname="backend.tests.test_iter25_features.TestJobReactions" name="test_share_404_for_bad_job" time="0.354" /><testcase classname="backend.tests.test_iter25_features.TestAdmin" name="test_bootstrap_wrong_password" time="0.236" /><testcase classname="backend.tests.test_iter25_features.TestAdmin" name="test_dashboard_metrics" time="0.415" /><testcase classname="backend.tests.test_iter25_features.TestAdmin" name="test_dashboard_metrics_forbidden_for_user" time="0.318" /><testcase classname="backend.tests.test_iter25_features.TestAdmin" name="test_users_list_filters" time="0.284" /><testcase classname="backend.tests.test_iter25_features.TestAdmin" name="test_patch_role" time="0.599" /><testcase classname="backend.tests.test_iter25_features.TestRegression" name="test_jobs_list" time="0.284" /><testcase classname="backend.tests.test_iter25_features.TestRegression" name="test_score_summary" time="0.465" /><testcase classname="backend.tests.test_iter25_features.TestRegression" name="test_user_kind_put" time="0.237" /><testcase classname="backend.tests.test_iter25_features.TestRegression" name="test_posts_crud_quick" time="0.619" /></testsuite></testsuites>