<?xml version="1.0" encoding="utf-8"?><testsuites name="pytest tests"><testsuite name="pytest" errors="0" failures="1" skipped="0" tests="29" time="6.991" timestamp="2026-06-06T02:12:01.657266+00:00" hostname="agent-env-a575aa55-f319-469a-957a-c31ec5932006"><testcase classname="backend.tests.test_iter36_security_audit.TestDepositRetired" name="test_deposit_returns_410[user]" time="0.441" /><testcase classname="backend.tests.test_iter36_security_audit.TestDepositRetired" name="test_deposit_returns_410[ambassador]" time="0.164" /><testcase classname="backend.tests.test_iter36_security_audit.TestDepositRetired" name="test_deposit_returns_410[moderator]" time="0.182" /><testcase classname="backend.tests.test_iter36_security_audit.TestDepositRetired" name="test_deposit_returns_410[admin]" time="0.182" /><testcase classname="backend.tests.test_iter36_security_audit.TestDepositRetired" name="test_deposit_returns_410[super_admin]" time="0.154" /><testcase classname="backend.tests.test_iter36_security_audit.TestCreditGrants" name="test_non_super_blocked[user]" time="0.141" /><testcase classname="backend.tests.test_iter36_security_audit.TestCreditGrants" name="test_non_super_blocked[ambassador]" time="0.148" /><testcase classname="backend.tests.test_iter36_security_audit.TestCreditGrants" name="test_non_super_blocked[moderator]" time="0.182" /><testcase classname="backend.tests.test_iter36_security_audit.TestCreditGrants" name="test_non_super_blocked[admin]" time="0.162" /><testcase classname="backend.tests.test_iter36_security_audit.TestCreditGrants" name="test_super_admin_succeeds_and_audits" time="0.638" /><testcase classname="backend.tests.test_iter36_security_audit.TestCreditGrants" name="test_co_approve_blocked_for_non_super[user]" time="0.150" /><testcase classname="backend.tests.test_iter36_security_audit.TestCreditGrants" name="test_co_approve_blocked_for_non_super[ambassador]" time="0.156" /><testcase classname="backend.tests.test_iter36_security_audit.TestCreditGrants" name="test_co_approve_blocked_for_non_super[moderator]" time="0.216" /><testcase classname="backend.tests.test_iter36_security_audit.TestCreditGrants" name="test_co_approve_blocked_for_non_super[admin]" time="0.186" /><testcase classname="backend.tests.test_iter36_security_audit.TestAdsWatch" name="test_no_ad_id" time="0.141" /><testcase classname="backend.tests.test_iter36_security_audit.TestAdsWatch" name="test_non_existent_ad" time="0.187" /><testcase classname="backend.tests.test_iter36_security_audit.TestAdsWatch" name="test_paused_ad" time="0.175" /><testcase classname="backend.tests.test_iter36_security_audit.TestAdsWatch" name="test_inactive_ad" time="0.141" /><testcase classname="backend.tests.test_iter36_security_audit.TestAdsWatch" name="test_inventory_exhausted" time="0.156" /><testcase classname="backend.tests.test_iter36_security_audit.TestAdsWatch" name="test_outside_window" time="0.156" /><testcase classname="backend.tests.test_iter36_security_audit.TestAdsWatch" name="test_valid_award_then_dedup_then_different_kind" time="0.505" /><testcase classname="backend.tests.test_iter36_security_audit.TestRoleChangeFanOut" name="test_make_ambassador_grant_and_revoke" time="0.663" /><testcase classname="backend.tests.test_iter36_security_audit.TestRoleChangeFanOut" name="test_ambassador_application_approve" time="0.382" /><testcase classname="backend.tests.test_iter36_security_audit.TestSuperAdminAccess" name="test_feature_flags_super_admin" time="0.146"><failure message="AssertionError: super_admin should NOT be 403 on feature-flags, got 403 {&quot;detail&quot;:&quot;Only admins can toggle feature flags&quot;}&#10;assert 403 != 403&#10; +  where 403 = &lt;Response [403]&gt;.status_code">backend/tests/test_iter36_security_audit.py:386: in test_feature_flags_super_admin
    assert r.status_code != 403, f"super_admin should NOT be 403 on feature-flags, got {r.status_code} {r.text}"
E   AssertionError: super_admin should NOT be 403 on feature-flags, got 403 {"detail":"Only admins can toggle feature flags"}
E   assert 403 != 403
E    +  where 403 = &lt;Response [403]&gt;.status_code</failure></testcase><testcase classname="backend.tests.test_iter36_security_audit.TestSuperAdminAccess" name="test_announce_super_admin" time="0.232" /><testcase classname="backend.tests.test_iter36_security_audit.TestSuperAdminAccess" name="test_dm_super_admin" time="0.191" /><testcase classname="backend.tests.test_iter36_security_audit.TestSuperAdminAccess" name="test_make_ambassador_super_admin" time="0.346" /><testcase classname="backend.tests.test_iter36_security_audit.TestIndexes" name="test_ad_reward_claims_unique_key" time="0.002" /><testcase classname="backend.tests.test_iter36_security_audit.TestIndexes" name="test_wallet_audit_indexes" time="0.013" /></testsuite></testsuites>