<?xml version="1.0" encoding="utf-8"?><testsuites name="pytest tests"><testsuite name="pytest" errors="0" failures="2" skipped="0" tests="23" time="26.622" timestamp="2026-05-11T14:21:17.266409+00:00" hostname="agent-env-a575aa55-f319-469a-957a-c31ec5932006"><testcase classname="backend.tests.test_iter25_features.TestPlaces" name="test_create_and_get" time="4.097" /><testcase classname="backend.tests.test_iter25_features.TestPlaces" name="test_review_awards_40_and_dup_409" time="4.543" /><testcase classname="backend.tests.test_iter25_features.TestPlaces" name="test_delete_review_recomputes" time="1.080" /><testcase classname="backend.tests.test_iter25_features.TestPlaces" name="test_claim_flow" time="4.884" /><testcase classname="backend.tests.test_iter25_features.TestPlaces" name="test_owner_reply" time="0.952" /><testcase classname="backend.tests.test_iter25_features.TestNetwork" name="test_request_idempotent" time="0.715" /><testcase classname="backend.tests.test_iter25_features.TestNetwork" name="test_accept_awards_25_both_sides" time="1.343"><failure message="KeyError: 'status'">backend/tests/test_iter25_features.py:180: in test_accept_awards_25_both_sides
    assert r.status_code == 200 and r.json()["status"] == "accepted"
                                    ^^^^^^^^^^^^^^^^^^
E   KeyError: 'status'</failure></testcase><testcase classname="backend.tests.test_iter25_features.TestNetwork" name="test_summary_counts" time="0.569" /><testcase classname="backend.tests.test_iter25_features.TestNetwork" name="test_list_with_filter_and_enrichment" time="0.303" /><testcase classname="backend.tests.test_iter25_features.TestNetwork" name="test_reject_path" time="0.856"><failure message="KeyError: 'status'">backend/tests/test_iter25_features.py:222: in test_reject_path
    assert ok.status_code == 200 and ok.json()["status"] == "rejected"
                                     ^^^^^^^^^^^^^^^^^^^
E   KeyError: 'status'</failure></testcase><testcase classname="backend.tests.test_iter25_features.TestJobReactions" name="test_react_toggle_and_switch" time="1.613" /><testcase classname="backend.tests.test_iter25_features.TestJobReactions" name="test_react_404_for_bad_job" time="0.279" /><testcase classname="backend.tests.test_iter25_features.TestJobReactions" name="test_share_clean_url_and_award" time="0.857" /><testcase classname="backend.tests.test_iter25_features.TestJobReactions" name="test_share_404_for_bad_job" time="0.406" /><testcase classname="backend.tests.test_iter25_features.TestAdmin" name="test_bootstrap_wrong_password" time="0.289" /><testcase classname="backend.tests.test_iter25_features.TestAdmin" name="test_dashboard_metrics" time="0.363" /><testcase classname="backend.tests.test_iter25_features.TestAdmin" name="test_dashboard_metrics_forbidden_for_user" time="0.259" /><testcase classname="backend.tests.test_iter25_features.TestAdmin" name="test_users_list_filters" time="0.275" /><testcase classname="backend.tests.test_iter25_features.TestAdmin" name="test_patch_role" time="0.586" /><testcase classname="backend.tests.test_iter25_features.TestRegression" name="test_jobs_list" time="0.304" /><testcase classname="backend.tests.test_iter25_features.TestRegression" name="test_score_summary" time="0.278" /><testcase classname="backend.tests.test_iter25_features.TestRegression" name="test_user_kind_put" time="0.306" /><testcase classname="backend.tests.test_iter25_features.TestRegression" name="test_posts_crud_quick" time="0.735" /></testsuite></testsuites>