<?xml version="1.0" encoding="utf-8"?><testsuites name="pytest tests"><testsuite name="pytest" errors="0" failures="0" skipped="0" tests="20" time="9.191" timestamp="2026-06-24T21:35:11.830605+00:00" hostname="agent-env-a575aa55-f319-469a-957a-c31ec5932006"><testcase classname="tests.test_iter56c_share_canonical.TestShareCanonicalDomain" name="test_share_product_endpoint_uses_production_domain" time="2.910" /><testcase classname="tests.test_iter56c_share_canonical.TestShareCanonicalDomain" name="test_share_product_endpoint_unknown_slug_still_returns_canonical" time="0.231" /><testcase classname="tests.test_iter56c_share_canonical.TestShareCanonicalDomain" name="test_share_user_endpoint_uses_production_domain" time="0.175" /><testcase classname="tests.test_iter56c_share_canonical.TestShareCanonicalDomain" name="test_share_referral_endpoint_uses_production_domain" time="0.209" /><testcase classname="tests.test_iter56c_share_canonical.TestShareCanonicalDomain" name="test_share_landing_endpoint_uses_production_domain" time="0.189" /><testcase classname="tests.test_iter56c_share_canonical.TestShareSecurityAndContent" name="test_share_product_has_all_required_og_tags" time="0.221" /><testcase classname="tests.test_iter56c_share_canonical.TestShareSecurityAndContent" name="test_share_html_returns_200_not_500" time="0.854" /><testcase classname="tests.test_iter56c_share_canonical.TestNonShareEndpointShareUrls" name="test_health" time="0.189" /><testcase classname="tests.test_iter56_lean_creator_flow.TestLeanCreateProduct" name="test_publish_true_produces_approved_with_defaults" time="0.978" /><testcase classname="tests.test_iter56_lean_creator_flow.TestLeanCreateProduct" name="test_publish_false_saves_as_draft" time="0.193" /><testcase classname="tests.test_iter56_lean_creator_flow.TestLeanCreateProduct" name="test_more_options_fields_persist" time="0.186" /><testcase classname="tests.test_iter56_lean_creator_flow.TestSellerDashboard" name="test_dashboard_returns_all_required_fields" time="0.213" /><testcase classname="tests.test_iter56_lean_creator_flow.TestSellerDashboard" name="test_dashboard_requires_auth" time="0.178" /><testcase classname="tests.test_iter56_lean_creator_flow.TestPublicStorefront" name="test_storefront_is_public_no_auth_required" time="0.206" /><testcase classname="tests.test_iter56_lean_creator_flow.TestPublicStorefront" name="test_storefront_hides_drafts_shows_approved" time="0.603" /><testcase classname="tests.test_iter56_lean_creator_flow.TestPublicStorefront" name="test_storefront_returns_404_for_unknown" time="0.225" /><testcase classname="tests.test_iter56_lean_creator_flow.TestCustomizeStorefront" name="test_update_name_and_bio_reflects_in_storefront" time="0.383" /><testcase classname="tests.test_iter56_lean_creator_flow.TestCustomizeStorefront" name="test_name_length_validation" time="0.362" /><testcase classname="tests.test_iter56_lean_creator_flow.TestCustomizeStorefront" name="test_bio_length_validation" time="0.177" /><testcase classname="tests.test_iter56_lean_creator_flow.TestCustomizeStorefront" name="test_requires_auth" time="0.179" /></testsuite></testsuites>