<?xml version="1.0" encoding="utf-8"?><testsuites name="pytest tests"><testsuite name="pytest" errors="0" failures="1" skipped="0" tests="18" time="5.065" timestamp="2026-06-04T14:44:20.456527+00:00" hostname="agent-env-a575aa55-f319-469a-957a-c31ec5932006"><testcase classname="backend.tests.test_iter35_platform_enhancements.TestBootstrapSuperAdmin" name="test_bootstrap_state" time="0.012" /><testcase classname="backend.tests.test_iter35_platform_enhancements.TestCreditGrantRoleGating" name="test_admin_role_blocked" time="0.322" /><testcase classname="backend.tests.test_iter35_platform_enhancements.TestCreditGrantRoleGating" name="test_member_blocked" time="0.154" /><testcase classname="backend.tests.test_iter35_platform_enhancements.TestCreditGrantRoleGating" name="test_super_admin_allowed" time="0.129" /><testcase classname="backend.tests.test_iter35_platform_enhancements.TestJunePayoutBlock" name="test_status_locked" time="0.128" /><testcase classname="backend.tests.test_iter35_platform_enhancements.TestJunePayoutBlock" name="test_create_withdrawal_blocked" time="0.158" /><testcase classname="backend.tests.test_iter35_platform_enhancements.TestJunePayoutBlock" name="test_admin_approve_blocked" time="0.139" /><testcase classname="backend.tests.test_iter35_platform_enhancements.TestJunePayoutBlock" name="test_admin_mark_paid_blocked" time="0.131" /><testcase classname="backend.tests.test_iter35_platform_enhancements.TestScoreBracketEndpoint" name="test_bracket_param" time="0.144" /><testcase classname="backend.tests.test_iter35_platform_enhancements.TestScoreBracketEndpoint" name="test_min_max_params" time="0.175" /><testcase classname="backend.tests.test_iter35_platform_enhancements.TestScoreBracketEndpoint" name="test_requires_admin" time="0.145" /><testcase classname="backend.tests.test_iter35_platform_enhancements.TestScoreBracketEndpoint" name="test_invalid_bracket" time="0.152" /><testcase classname="backend.tests.test_iter35_platform_enhancements.TestScoreBreakdown" name="test_breakdown_shape" time="0.155" /><testcase classname="backend.tests.test_iter35_platform_enhancements.TestScoreBreakdown" name="test_requires_admin" time="0.140" /><testcase classname="backend.tests.test_iter35_platform_enhancements.TestRoleChangeEmailAndAudit" name="test_creates_notification_and_audit" time="1.725" /><testcase classname="backend.tests.test_iter35_platform_enhancements.TestNoHardCap" name="test_score_grows_past_10k" time="0.170"><failure message="AssertionError: expected &gt;10000 got {'network_score': 50, 'monthly_score': 50, 'cap_reached_at': None}&#10;assert 50 &gt; 10000">backend/tests/test_iter35_platform_enhancements.py:373: in test_score_grows_past_10k
    assert after["monthly_score"] &gt; 10000, f"expected &gt;10000 got {after}"
E   AssertionError: expected &gt;10000 got {'network_score': 50, 'monthly_score': 50, 'cap_reached_at': None}
E   assert 50 &gt; 10000</failure></testcase><testcase classname="backend.tests.test_iter35_platform_enhancements.TestLivePostScore" name="test_user_score_reflects_live" time="0.555" /><testcase classname="backend.tests.test_iter35_platform_enhancements.TestIsOfficialBroadcast" name="test_admin_post_official" time="0.162" /></testsuite></testsuites>