<?xml version="1.0" encoding="utf-8"?><testsuites name="pytest tests"><testsuite name="pytest" errors="0" failures="0" skipped="0" tests="19" time="8.287" timestamp="2026-05-05T17:06:23.809449+00:00" hostname="agent-env-a575aa55-f319-469a-957a-c31ec5932006"><testcase classname="backend.tests.test_iter17_activities.TestActivitiesCreate" name="test_create_activity_success" time="1.453" /><testcase classname="backend.tests.test_iter17_activities.TestActivitiesCreate" name="test_create_activity_unknown_country" time="0.268" /><testcase classname="backend.tests.test_iter17_activities.TestActivitiesCreate" name="test_create_activity_unsupported_currency" time="0.170" /><testcase classname="backend.tests.test_iter17_activities.TestActivitiesCreate" name="test_create_activity_unknown_category" time="0.193" /><testcase classname="backend.tests.test_iter17_activities.TestActivitiesCreate" name="test_create_activity_unauth" time="0.219" /><testcase classname="backend.tests.test_iter17_activities.TestActivitiesList" name="test_get_activities_default" time="0.260" /><testcase classname="backend.tests.test_iter17_activities.TestActivitiesList" name="test_filter_by_country" time="0.181" /><testcase classname="backend.tests.test_iter17_activities.TestActivitiesList" name="test_filter_by_city" time="0.176" /><testcase classname="backend.tests.test_iter17_activities.TestActivitiesList" name="test_filter_by_category" time="0.286" /><testcase classname="backend.tests.test_iter17_activities.TestActivitiesList" name="test_get_one" time="0.169" /><testcase classname="backend.tests.test_iter17_activities.TestActivitiesList" name="test_get_unknown_id" time="0.207" /><testcase classname="backend.tests.test_iter17_activities.TestActivitiesJoinLeave" name="test_join_unauth" time="0.195" /><testcase classname="backend.tests.test_iter17_activities.TestActivitiesJoinLeave" name="test_join_first_time" time="1.348" /><testcase classname="backend.tests.test_iter17_activities.TestActivitiesJoinLeave" name="test_join_idempotent" time="0.406" /><testcase classname="backend.tests.test_iter17_activities.TestActivitiesJoinLeave" name="test_leave" time="0.383" /><testcase classname="backend.tests.test_iter17_activities.TestActivitiesJoinLeave" name="test_join_full_activity" time="1.428" /><testcase classname="backend.tests.test_iter17_activities.TestActivitiesDelete" name="test_delete_by_non_creator_403" time="0.210" /><testcase classname="backend.tests.test_iter17_activities.TestActivitiesDelete" name="test_delete_unauth" time="0.207" /><testcase classname="backend.tests.test_iter17_activities.TestActivitiesDelete" name="test_delete_by_creator" time="0.390" /></testsuite></testsuites>