<?xml version="1.0" encoding="utf-8"?><testsuites name="pytest tests"><testsuite name="pytest" errors="0" failures="0" skipped="0" tests="16" time="8.741" timestamp="2026-05-20T22:48:59.459189+00:00" hostname="agent-env-a575aa55-f319-469a-957a-c31ec5932006"><testcase classname="backend.tests.test_iter33_my_promotions.TestAuthRequired" name="test_my_promotions_requires_auth" time="0.349" /><testcase classname="backend.tests.test_iter33_my_promotions.TestAuthRequired" name="test_my_promotion_events_requires_auth" time="0.201" /><testcase classname="backend.tests.test_iter33_my_promotions.TestAuthRequired" name="test_login_summary_requires_auth" time="0.220" /><testcase classname="backend.tests.test_iter33_my_promotions.TestMyPromotions" name="test_response_shape" time="2.373" /><testcase classname="backend.tests.test_iter33_my_promotions.TestMyPromotions" name="test_promotion_item_shape" time="0.060" /><testcase classname="backend.tests.test_iter33_my_promotions.TestMyPromotions" name="test_rank_is_none_when_zero_points" time="2.040" /><testcase classname="backend.tests.test_iter33_my_promotions.TestConversionMath" name="test_estimated_zar_from_monthly_score" time="0.076" /><testcase classname="backend.tests.test_iter33_my_promotions.TestConversionMath" name="test_total_zar_matches_total_points" time="0.060" /><testcase classname="backend.tests.test_iter33_my_promotions.TestLoginSummary" name="test_response_shape" time="0.064" /><testcase classname="backend.tests.test_iter33_my_promotions.TestPromotionEvents" name="test_events_list" time="0.057" /><testcase classname="backend.tests.test_iter33_my_promotions.TestPromotionEvents" name="test_events_limit_param" time="0.062" /><testcase classname="backend.tests.test_iter33_my_promotions.TestPromotionEvents" name="test_events_promotion_filter" time="0.056" /><testcase classname="backend.tests.test_iter33_my_promotions.TestScoreEventIntegration" name="test_post_creates_event_and_updates_breakdown" time="2.511" /><testcase classname="backend.tests.test_iter33_my_promotions.TestRegression" name="test_admin_promotions_list" time="0.060" /><testcase classname="backend.tests.test_iter33_my_promotions.TestRegression" name="test_admin_promotions_summary" time="0.063" /><testcase classname="backend.tests.test_iter33_my_promotions.TestRegression" name="test_public_active_promotions" time="0.221" /></testsuite></testsuites>