<?xml version="1.0" encoding="utf-8"?><testsuites name="pytest tests"><testsuite name="pytest" errors="0" failures="1" skipped="2" tests="30" time="64.028" timestamp="2026-05-08T20:29:00.204708+00:00" hostname="agent-env-a575aa55-f319-469a-957a-c31ec5932006"><testcase classname="backend.tests.test_iter19_otp_founder_referral.TestProgressiveSignup" name="test_creates_user_with_email_unverified_and_founder_block" time="0.712" /><testcase classname="backend.tests.test_iter19_otp_founder_referral.TestFoundersStatus" name="test_public_payload" time="0.184" /><testcase classname="backend.tests.test_iter19_otp_founder_referral.TestOtp" name="test_send_otp_returns_mock_code" time="1.120" /><testcase classname="backend.tests.test_iter19_otp_founder_referral.TestOtp" name="test_send_otp_cooldown_429" time="1.363" /><testcase classname="backend.tests.test_iter19_otp_founder_referral.TestOtp" name="test_verify_otp_success_sets_email_verified" time="1.711"><failure message="AssertionError: assert None is True&#10; +  where None = &lt;built-in method get of dict object at 0x7ae25b1c9a80&gt;('email_verified')&#10; +    where &lt;built-in method get of dict object at 0x7ae25b1c9a80&gt; = {'achievements': [], 'articles': [], 'bio': '', 'birth_month': None, ...}.get">backend/tests/test_iter19_otp_founder_referral.py:141: in test_verify_otp_success_sets_email_verified
    assert me.get("email_verified") is True
E   AssertionError: assert None is True
E    +  where None = &lt;built-in method get of dict object at 0x7ae25b1c9a80&gt;('email_verified')
E    +    where &lt;built-in method get of dict object at 0x7ae25b1c9a80&gt; = {'achievements': [], 'articles': [], 'bio': '', 'birth_month': None, ...}.get</failure></testcase><testcase classname="backend.tests.test_iter19_otp_founder_referral.TestOtp" name="test_verify_otp_wrong_code_400" time="1.638" /><testcase classname="backend.tests.test_iter19_otp_founder_referral.TestOtp" name="test_verify_otp_too_many_attempts_429" time="5.182" /><testcase classname="backend.tests.test_iter19_otp_founder_referral.TestCompleteProfileGate" name="test_returns_403_when_email_not_verified" time="0.681" /><testcase classname="backend.tests.test_iter19_otp_founder_referral.TestCompleteProfileGate" name="test_succeeds_after_verify" time="1.743" /><testcase classname="backend.tests.test_iter19_otp_founder_referral.TestCompleteProfileGate" name="test_birth_month_validation" time="3.901" /><testcase classname="backend.tests.test_iter19_otp_founder_referral.TestReferralCapture" name="test_self_referral_blocked" time="0.731" /><testcase classname="backend.tests.test_iter19_otp_founder_referral.TestReferralCapture" name="test_unknown_ref_404" time="0.651" /><testcase classname="backend.tests.test_iter19_otp_founder_referral.TestReferralCapture" name="test_capture_then_idempotent" time="1.447" /><testcase classname="backend.tests.test_iter19_otp_founder_referral.TestReferralCapture" name="test_referral_code_parity_with_capture" time="1.408" /><testcase classname="backend.tests.test_iter19_otp_founder_referral.TestReferralCapture" name="test_reward_fires_after_verify_and_complete" time="3.492" /><testcase classname="backend.tests.test_iter19_otp_founder_referral.TestFounderMultiplier" name="test_profile_completed_doubled_in_founder_window" time="2.226" /><testcase classname="backend.tests.test_iter19_otp_founder_referral.TestScoreSummary" name="test_summary_shape" time="1.940" /><testcase classname="backend.tests.test_iter19_otp_founder_referral.TestScoreParity" name="test_parity" time="2.226" /><testcase classname="backend.tests.test_iter19_otp_founder_referral.TestStokvelPurpose" name="test_purpose_persisted" time="1.791"><skipped type="pytest.skip" message="stokvel creation blocked by activation fee — purpose persistence verified via fallback test">/app/backend/tests/test_iter19_otp_founder_referral.py:360: stokvel creation blocked by activation fee — purpose persistence verified via fallback test</skipped></testcase><testcase classname="backend.tests.test_iter19_otp_founder_referral.TestStokvelPurpose" name="test_purpose_invalid_falls_back_to_savings" time="1.927"><skipped type="pytest.skip" message="blocked by fee">/app/backend/tests/test_iter19_otp_founder_referral.py:373: blocked by fee</skipped></testcase><testcase classname="backend.tests.test_iter19_otp_founder_referral.TestProductCreate" name="test_currency_auto_default_zar_for_south_africa" time="2.221" /><testcase classname="backend.tests.test_iter19_otp_founder_referral.TestProductCreate" name="test_currency_auto_default_ngn" time="3.909" /><testcase classname="backend.tests.test_iter19_otp_founder_referral.TestProductCreate" name="test_currency_auto_default_kes" time="1.980" /><testcase classname="backend.tests.test_iter19_otp_founder_referral.TestProductCreate" name="test_currency_auto_default_ghs" time="2.008" /><testcase classname="backend.tests.test_iter19_otp_founder_referral.TestProductCreate" name="test_currency_default_usd_for_other" time="3.614" /><testcase classname="backend.tests.test_iter19_otp_founder_referral.TestProductCreate" name="test_currency_override" time="3.701" /><testcase classname="backend.tests.test_iter19_otp_founder_referral.TestProductCreate" name="test_availability_in_days_persists_days" time="3.352" /><testcase classname="backend.tests.test_iter19_otp_founder_referral.TestUsersMeBirthMonth" name="test_valid_birth_month" time="2.840" /><testcase classname="backend.tests.test_iter19_otp_founder_referral.TestUsersMeBirthMonth" name="test_invalid_birth_month_zero" time="1.926" /><testcase classname="backend.tests.test_iter19_otp_founder_referral.TestUsersMeBirthMonth" name="test_invalid_birth_month_thirteen" time="2.001" /></testsuite></testsuites>