<?xml version="1.0" encoding="utf-8"?><testsuites name="pytest tests"><testsuite name="pytest" errors="0" failures="7" skipped="0" tests="23" time="23.621" timestamp="2026-05-11T14:13:35.336103+00:00" hostname="agent-env-a575aa55-f319-469a-957a-c31ec5932006"><testcase classname="backend.tests.test_iter25_features.TestPlaces" name="test_create_and_get" time="4.324" /><testcase classname="backend.tests.test_iter25_features.TestPlaces" name="test_review_awards_40_and_dup_409" time="4.244"><failure message="AssertionError: expected +40 got 80&#10;assert (580 - 500) == 40">backend/tests/test_iter25_features.py:97: in test_review_awards_40_and_dup_409
    assert score_after - score_before == 40, f"expected +40 got {score_after - score_before}"
E   AssertionError: expected +40 got 80
E   assert (580 - 500) == 40</failure></testcase><testcase classname="backend.tests.test_iter25_features.TestPlaces" name="test_delete_review_recomputes" time="0.532" /><testcase classname="backend.tests.test_iter25_features.TestPlaces" name="test_claim_flow" time="5.529" /><testcase classname="backend.tests.test_iter25_features.TestPlaces" name="test_owner_reply" time="0.760" /><testcase classname="backend.tests.test_iter25_features.TestNetwork" name="test_request_idempotent" time="0.259"><failure message="AssertionError: {&quot;detail&quot;:[{&quot;type&quot;:&quot;missing&quot;,&quot;loc&quot;:[&quot;body&quot;,&quot;to_user_id&quot;],&quot;msg&quot;:&quot;Field required&quot;,&quot;input&quot;:{&quot;target_user_id&quot;:&quot;d0568228-7041-407a-b25d-696b484dfa6a&quot;,&quot;kind&quot;:&quot;social&quot;},&quot;url&quot;:&quot;https://errors.pydantic.dev/2.12/v/missing&quot;},{&quot;type&quot;:&quot;missing&quot;,&quot;loc&quot;:[&quot;body&quot;,&quot;type&quot;],&quot;msg&quot;:&quot;Field required&quot;,&quot;input&quot;:{&quot;target_user_id&quot;:&quot;d0568228-7041-407a-b25d-696b484dfa6a&quot;,&quot;kind&quot;:&quot;social&quot;},&quot;url&quot;:&quot;https://errors.pydantic.dev/2.12/v/missing&quot;}]}&#10;assert 422 == 200&#10; +  where 422 = &lt;Response [422]&gt;.status_code">backend/tests/test_iter25_features.py:154: in test_request_idempotent
    assert r1.status_code == 200, r1.text
E   AssertionError: {"detail":[{"type":"missing","loc":["body","to_user_id"],"msg":"Field required","input":{"target_user_id":"d0568228-7041-407a-b25d-696b484dfa6a","kind":"social"},"url":"https://errors.pydantic.dev/2.12/v/missing"},{"type":"missing","loc":["body","type"],"msg":"Field required","input":{"target_user_id":"d0568228-7041-407a-b25d-696b484dfa6a","kind":"social"},"url":"https://errors.pydantic.dev/2.12/v/missing"}]}
E   assert 422 == 200
E    +  where 422 = &lt;Response [422]&gt;.status_code</failure></testcase><testcase classname="backend.tests.test_iter25_features.TestNetwork" name="test_accept_awards_25_both_sides" time="0.491"><failure message="AttributeError: module 'pytest' has no attribute 'shared_conn_id'">backend/tests/test_iter25_features.py:165: in test_accept_awards_25_both_sides
    cid = pytest.shared_conn_id
          ^^^^^^^^^^^^^^^^^^^^^
E   AttributeError: module 'pytest' has no attribute 'shared_conn_id'</failure></testcase><testcase classname="backend.tests.test_iter25_features.TestNetwork" name="test_summary_counts" time="0.325"><failure message="assert 0 &gt;= 1">backend/tests/test_iter25_features.py:185: in test_summary_counts
    assert s["counts"]["social"] &gt;= 1
E   assert 0 &gt;= 1</failure></testcase><testcase classname="backend.tests.test_iter25_features.TestNetwork" name="test_list_with_filter_and_enrichment" time="0.256"><failure message="assert 0 &gt;= 1&#10; +  where 0 = len([])">backend/tests/test_iter25_features.py:199: in test_list_with_filter_and_enrichment
    assert len(rows) &gt;= 1
E   assert 0 &gt;= 1
E    +  where 0 = len([])</failure></testcase><testcase classname="backend.tests.test_iter25_features.TestNetwork" name="test_reject_path" time="0.228"><failure message="KeyError: 'id'">backend/tests/test_iter25_features.py:208: in test_reject_path
    cid = r.json()["id"]
          ^^^^^^^^^^^^^^
E   KeyError: 'id'</failure></testcase><testcase classname="backend.tests.test_iter25_features.TestJobReactions" name="test_react_toggle_and_switch" time="1.678" /><testcase classname="backend.tests.test_iter25_features.TestJobReactions" name="test_react_404_for_bad_job" time="0.276" /><testcase classname="backend.tests.test_iter25_features.TestJobReactions" name="test_share_clean_url_and_award" time="0.843"><failure message="AssertionError: expected +20 got 40&#10;assert (620 - 580) == 20">backend/tests/test_iter25_features.py:264: in test_share_clean_url_and_award
    assert after - before == 20, f"expected +20 got {after - before}"
E   AssertionError: expected +20 got 40
E   assert (620 - 580) == 20</failure></testcase><testcase classname="backend.tests.test_iter25_features.TestJobReactions" name="test_share_404_for_bad_job" time="0.287" /><testcase classname="backend.tests.test_iter25_features.TestAdmin" name="test_bootstrap_wrong_password" time="0.266" /><testcase classname="backend.tests.test_iter25_features.TestAdmin" name="test_dashboard_metrics" time="0.384" /><testcase classname="backend.tests.test_iter25_features.TestAdmin" name="test_dashboard_metrics_forbidden_for_user" time="0.254" /><testcase classname="backend.tests.test_iter25_features.TestAdmin" name="test_users_list_filters" time="0.247" /><testcase classname="backend.tests.test_iter25_features.TestAdmin" name="test_patch_role" time="0.574" /><testcase classname="backend.tests.test_iter25_features.TestRegression" name="test_jobs_list" time="0.239" /><testcase classname="backend.tests.test_iter25_features.TestRegression" name="test_score_summary" time="0.276" /><testcase classname="backend.tests.test_iter25_features.TestRegression" name="test_user_kind_put" time="0.258" /><testcase classname="backend.tests.test_iter25_features.TestRegression" name="test_posts_crud_quick" time="0.486" /></testsuite></testsuites>