<?xml version="1.0" encoding="utf-8"?><testsuites name="pytest tests"><testsuite name="pytest" errors="0" failures="0" skipped="0" tests="21" time="95.529" timestamp="2026-05-09T08:42:18.472843+00:00" hostname="agent-env-a575aa55-f319-469a-957a-c31ec5932006"><testcase classname="backend.tests.test_iter22_score_refactor.TestAdEvent" name="test_engage_first_award_and_cooldown" time="1.928" /><testcase classname="backend.tests.test_iter22_score_refactor.TestAdEvent" name="test_engage_daily_cap_5" time="2.380" /><testcase classname="backend.tests.test_iter22_score_refactor.TestAdEvent" name="test_share_ladder" time="2.515" /><testcase classname="backend.tests.test_iter22_score_refactor.TestVideoWatched" name="test_video_award_and_cooldown" time="1.854" /><testcase classname="backend.tests.test_iter22_score_refactor.TestReferralQualified" name="test_referral_qualified_fires_when_invitee_crosses_1000" time="4.147" /><testcase classname="backend.tests.test_iter22_score_refactor.TestReferralFirstPost" name="test_first_post_within_7_days_idempotent" time="4.774" /><testcase classname="backend.tests.test_iter22_score_refactor.TestCommentQuality" name="test_quality_comment_awards_low_quality_does_not" time="7.038" /><testcase classname="backend.tests.test_iter22_score_refactor.TestPostLikeCaps" name="test_like_cooldown_same_post" time="3.933" /><testcase classname="backend.tests.test_iter22_score_refactor.TestPostLikeCaps" name="test_like_daily_cap_20" time="9.930" /><testcase classname="backend.tests.test_iter22_score_refactor.TestAccountDeactivate" name="test_deactivate_then_login_reactivates" time="2.387" /><testcase classname="backend.tests.test_iter22_score_refactor.TestAccountDelete" name="test_delete_wrong_confirm_400" time="1.647" /><testcase classname="backend.tests.test_iter22_score_refactor.TestAccountDelete" name="test_delete_correct_confirm_schedules_purge" time="1.699" /><testcase classname="backend.tests.test_iter22_score_refactor.TestAccountDelete" name="test_login_cancels_pending_deletion" time="2.331" /><testcase classname="backend.tests.test_iter22_score_refactor.TestAccountDelete" name="test_cancel_deletion_endpoint" time="1.910" /><testcase classname="backend.tests.test_iter22_score_refactor.TestScoreTiersAndSummary" name="test_tiers_payload_shape" time="37.910" /><testcase classname="backend.tests.test_iter22_score_refactor.TestScoreTiersAndSummary" name="test_summary_payload_shape" time="1.816" /><testcase classname="backend.tests.test_iter22_score_refactor.TestReferralCaptureGuards" name="test_self_referral_rejected" time="1.658" /><testcase classname="backend.tests.test_iter22_score_refactor.TestReferralCaptureGuards" name="test_unknown_ref_404" time="1.971" /><testcase classname="backend.tests.test_iter22_score_refactor.TestShareCodeBackfill" name="test_all_users_have_share_code" time="1.600" /><testcase classname="backend.tests.test_iter22_score_refactor.TestRegressionAuthFlow" name="test_full_auth_flow_smoke" time="1.823" /><testcase classname="backend.tests.test_iter22_score_refactor.TestRegressionAuthFlow" name="test_founders_status" time="0.144" /></testsuite></testsuites>