<?xml version="1.0" encoding="utf-8"?><testsuites name="pytest tests"><testsuite name="pytest" errors="0" failures="0" skipped="0" tests="13" time="7.987" timestamp="2026-06-24T19:23:20.821542+00:00" hostname="agent-env-a575aa55-f319-469a-957a-c31ec5932006"><testcase classname="backend.tests.test_iter55_iter55_fixes.TestShareOpenGraph" name="test_share_product_nonexistent" time="0.360" /><testcase classname="backend.tests.test_iter55_iter55_fixes.TestShareOpenGraph" name="test_share_user_owner" time="0.205" /><testcase classname="backend.tests.test_iter55_iter55_fixes.TestShareOpenGraph" name="test_share_user_unknown" time="0.232" /><testcase classname="backend.tests.test_iter55_iter55_fixes.TestShareOpenGraph" name="test_share_post_unknown" time="0.274" /><testcase classname="backend.tests.test_iter55_iter55_fixes.TestShareOpenGraph" name="test_share_referral_unknown" time="0.245" /><testcase classname="backend.tests.test_iter55_iter55_fixes.TestWalletAdjustEndpoint" name="test_reject_without_auth" time="1.818" /><testcase classname="backend.tests.test_iter55_iter55_fixes.TestWalletAdjustEndpoint" name="test_reject_non_super_admin" time="0.256" /><testcase classname="backend.tests.test_iter55_iter55_fixes.TestWalletAdjustEndpoint" name="test_reject_without_super_pin_header" time="0.220" /><testcase classname="backend.tests.test_iter55_iter55_fixes.TestWalletAdjustEndpoint" name="test_reject_invalid_super_pin_token" time="0.212" /><testcase classname="backend.tests.test_iter55_iter55_fixes.TestWalletAdjustEndpoint" name="test_reject_delta_zero" time="0.886" /><testcase classname="backend.tests.test_iter55_iter55_fixes.TestWalletAdjustEndpoint" name="test_reject_delta_over_one_million" time="0.269" /><testcase classname="backend.tests.test_iter55_iter55_fixes.TestWalletAdjustEndpoint" name="test_credit_then_debit_with_cap" time="1.267" /><testcase classname="backend.tests.test_iter55_iter55_fixes.TestAmbassadorRoleGrant" name="test_grant_ambassador_creates_notification_and_logs_email" time="1.501" /></testsuite></testsuites>