<?xml version="1.0" encoding="utf-8"?><testsuites name="pytest tests"><testsuite name="pytest" errors="0" failures="0" skipped="0" tests="18" time="18.102" timestamp="2026-05-10T05:29:34.916623+00:00" hostname="agent-env-a575aa55-f319-469a-957a-c31ec5932006"><testcase classname="backend.tests.test_iter23_jobs_resend.TestResendOtp" name="test_send_otp_returns_delivered_field" time="1.718" /><testcase classname="backend.tests.test_iter23_jobs_resend.TestResendOtp" name="test_verify_otp_with_fallback_code" time="1.980" /><testcase classname="backend.tests.test_iter23_jobs_resend.TestUserKindToggle" name="test_user_kind_set_at_signup" time="2.847" /><testcase classname="backend.tests.test_iter23_jobs_resend.TestUserKindToggle" name="test_toggle_user_kind_via_put" time="3.209" /><testcase classname="backend.tests.test_iter23_jobs_resend.TestUserKindToggle" name="test_invalid_user_kind_rejected" time="0.208" /><testcase classname="backend.tests.test_iter23_jobs_resend.TestJobsList" name="test_list_jobs_seed_present" time="0.201" /><testcase classname="backend.tests.test_iter23_jobs_resend.TestJobsList" name="test_get_job_by_id" time="0.394" /><testcase classname="backend.tests.test_iter23_jobs_resend.TestJobsList" name="test_get_job_404" time="0.216" /><testcase classname="backend.tests.test_iter23_jobs_resend.TestCreateJobGate" name="test_create_job_402_without_unlock" time="0.191" /><testcase classname="backend.tests.test_iter23_jobs_resend.TestCreateJobGate" name="test_create_job_blocked_for_social_user" time="0.176" /><testcase classname="backend.tests.test_iter23_jobs_resend.TestCreateJobGate" name="test_jobs_checkout_returns_stripe_url" time="1.076" /><testcase classname="backend.tests.test_iter23_jobs_resend.TestJobApply" name="test_apply_to_seeded_bd_agent_blocked_by_score" time="0.348" /><testcase classname="backend.tests.test_iter23_jobs_resend.TestJobApply" name="test_apply_happy_path_and_duplicate" time="0.567" /><testcase classname="backend.tests.test_iter23_jobs_resend.TestJobApply" name="test_apply_requires_pdf_or_word" time="0.404" /><testcase classname="backend.tests.test_iter23_jobs_resend.TestJobApply" name="test_apply_404_unknown_job" time="0.193" /><testcase classname="backend.tests.test_iter23_jobs_resend.TestRegression" name="test_score_summary" time="0.223" /><testcase classname="backend.tests.test_iter23_jobs_resend.TestRegression" name="test_feed_post_create_edit_delete" time="0.570" /><testcase classname="backend.tests.test_iter23_jobs_resend.TestRegression" name="test_account_deactivate_reactivate" time="3.236" /></testsuite></testsuites>