<?xml version="1.0" encoding="utf-8"?><testsuites name="pytest tests"><testsuite name="pytest" errors="0" failures="0" skipped="0" tests="12" time="3.733" timestamp="2026-06-24T20:51:52.272761+00:00" hostname="agent-env-a575aa55-f319-469a-957a-c31ec5932006"><testcase classname="backend.tests.test_iter56_lean_creator_flow.TestLeanCreateProduct" name="test_publish_true_produces_approved_with_defaults" time="0.998" /><testcase classname="backend.tests.test_iter56_lean_creator_flow.TestLeanCreateProduct" name="test_publish_false_saves_as_draft" time="0.170" /><testcase classname="backend.tests.test_iter56_lean_creator_flow.TestLeanCreateProduct" name="test_more_options_fields_persist" time="0.201" /><testcase classname="backend.tests.test_iter56_lean_creator_flow.TestSellerDashboard" name="test_dashboard_returns_all_required_fields" time="0.180" /><testcase classname="backend.tests.test_iter56_lean_creator_flow.TestSellerDashboard" name="test_dashboard_requires_auth" time="0.170" /><testcase classname="backend.tests.test_iter56_lean_creator_flow.TestPublicStorefront" name="test_storefront_is_public_no_auth_required" time="0.198" /><testcase classname="backend.tests.test_iter56_lean_creator_flow.TestPublicStorefront" name="test_storefront_hides_drafts_shows_approved" time="0.484" /><testcase classname="backend.tests.test_iter56_lean_creator_flow.TestPublicStorefront" name="test_storefront_returns_404_for_unknown" time="0.188" /><testcase classname="backend.tests.test_iter56_lean_creator_flow.TestCustomizeStorefront" name="test_update_name_and_bio_reflects_in_storefront" time="0.312" /><testcase classname="backend.tests.test_iter56_lean_creator_flow.TestCustomizeStorefront" name="test_name_length_validation" time="0.295" /><testcase classname="backend.tests.test_iter56_lean_creator_flow.TestCustomizeStorefront" name="test_bio_length_validation" time="0.142" /><testcase classname="backend.tests.test_iter56_lean_creator_flow.TestCustomizeStorefront" name="test_requires_auth" time="0.165" /></testsuite></testsuites>