<?xml version="1.0" encoding="utf-8"?><testsuites name="pytest tests"><testsuite name="pytest" errors="0" failures="1" skipped="0" tests="22" time="4.285" timestamp="2026-06-10T10:39:40.432804+00:00" hostname="agent-env-a575aa55-f319-469a-957a-c31ec5932006"><testcase classname="backend.tests.test_iter52_creator_v2.TestBackfill" name="test_existing_products_have_slug_and_creator_username" time="0.355" /><testcase classname="backend.tests.test_iter52_creator_v2.TestUploadsFile" name="test_upload_pdf_returns_url" time="0.479" /><testcase classname="backend.tests.test_iter52_creator_v2.TestUploadsFile" name="test_upload_wrong_mime_returns_415" time="0.053" /><testcase classname="backend.tests.test_iter52_creator_v2.TestUploadsFile" name="test_upload_requires_auth" time="0.050" /><testcase classname="backend.tests.test_iter52_creator_v2.TestProfileUpdate" name="test_set_creator_type_independent" time="0.118"><failure message="AssertionError: assert None == 'independent'&#10; +  where None = &lt;built-in method get of dict object at 0x7e7123981700&gt;('creator_type')&#10; +    where &lt;built-in method get of dict object at 0x7e7123981700&gt; = {'achievements': [], 'ambassador_rank': None, 'articles': [], 'bio': '', ...}.get">backend/tests/test_iter52_creator_v2.py:137: in test_set_creator_type_independent
    assert me.get("creator_type") == "independent"
E   AssertionError: assert None == 'independent'
E    +  where None = &lt;built-in method get of dict object at 0x7e7123981700&gt;('creator_type')
E    +    where &lt;built-in method get of dict object at 0x7e7123981700&gt; = {'achievements': [], 'ambassador_rank': None, 'articles': [], 'bio': '', ...}.get</failure></testcase><testcase classname="backend.tests.test_iter52_creator_v2.TestProfileUpdate" name="test_invalid_creator_type_400" time="0.051" /><testcase classname="backend.tests.test_iter52_creator_v2.TestProfileUpdate" name="test_invalid_classification_400" time="0.051" /><testcase classname="backend.tests.test_iter52_creator_v2.TestProfileUpdate" name="test_valid_classification" time="0.062" /><testcase classname="backend.tests.test_iter52_creator_v2.TestCreateProduct" name="test_create_independent_autopublishes" time="0.171" /><testcase classname="backend.tests.test_iter52_creator_v2.TestCreateProduct" name="test_create_growth_pending_review" time="0.117" /><testcase classname="backend.tests.test_iter52_creator_v2.TestCreateProduct" name="test_slug_unique_per_creator" time="0.189" /><testcase classname="backend.tests.test_iter52_creator_v2.TestSlugLookup" name="test_by_slug_returns_product_and_creator" time="0.473" /><testcase classname="backend.tests.test_iter52_creator_v2.TestSlugLookup" name="test_by_slug_404" time="0.054" /><testcase classname="backend.tests.test_iter52_creator_v2.TestShareOG" name="test_share_og_returns_meta" time="0.109" /><testcase classname="backend.tests.test_iter52_creator_v2.TestFilesAsProducts" name="test_paid_requires_price" time="0.164" /><testcase classname="backend.tests.test_iter52_creator_v2.TestFilesAsProducts" name="test_create_free_gated_paid" time="0.232" /><testcase classname="backend.tests.test_iter52_creator_v2.TestFilesAsProducts" name="test_free_download_requires_auth" time="0.051" /><testcase classname="backend.tests.test_iter52_creator_v2.TestFilesAsProducts" name="test_free_download_authed" time="0.053" /><testcase classname="backend.tests.test_iter52_creator_v2.TestFilesAsProducts" name="test_email_gated_lead_increments_count" time="0.173" /><testcase classname="backend.tests.test_iter52_creator_v2.TestFilesAsProducts" name="test_paid_lead_blocked_402" time="0.056" /><testcase classname="backend.tests.test_iter52_creator_v2.TestFilesAsProducts" name="test_paid_download_402_without_order" time="0.084" /><testcase classname="backend.tests.test_iter52_creator_v2.TestFilesAsProducts" name="test_paid_checkout_endpoint" time="0.906" /></testsuite></testsuites>