<?xml version="1.0" encoding="utf-8"?><testsuites name="pytest tests"><testsuite name="pytest" errors="0" failures="0" skipped="0" tests="23" time="53.835" timestamp="2026-05-11T14:27:54.567196+00:00" hostname="agent-env-a575aa55-f319-469a-957a-c31ec5932006"><testcase classname="backend.tests.test_iter25_features.TestPlaces" name="test_create_and_get" time="5.552" /><testcase classname="backend.tests.test_iter25_features.TestPlaces" name="test_review_awards_40_and_dup_409" time="6.090" /><testcase classname="backend.tests.test_iter25_features.TestPlaces" name="test_delete_review_recomputes" time="2.883" /><testcase classname="backend.tests.test_iter25_features.TestPlaces" name="test_claim_flow" time="11.879" /><testcase classname="backend.tests.test_iter25_features.TestPlaces" name="test_owner_reply" time="1.434" /><testcase classname="backend.tests.test_iter25_features.TestNetwork" name="test_request_idempotent" time="0.913" /><testcase classname="backend.tests.test_iter25_features.TestNetwork" name="test_accept_awards_25_both_sides" time="4.136" /><testcase classname="backend.tests.test_iter25_features.TestNetwork" name="test_summary_counts" time="0.807" /><testcase classname="backend.tests.test_iter25_features.TestNetwork" name="test_list_with_filter_and_enrichment" time="1.088" /><testcase classname="backend.tests.test_iter25_features.TestNetwork" name="test_reject_path" time="4.230" /><testcase classname="backend.tests.test_iter25_features.TestJobReactions" name="test_react_toggle_and_switch" time="5.760" /><testcase classname="backend.tests.test_iter25_features.TestJobReactions" name="test_react_404_for_bad_job" time="0.448" /><testcase classname="backend.tests.test_iter25_features.TestJobReactions" name="test_share_clean_url_and_award" time="1.385" /><testcase classname="backend.tests.test_iter25_features.TestJobReactions" name="test_share_404_for_bad_job" time="0.503" /><testcase classname="backend.tests.test_iter25_features.TestAdmin" name="test_bootstrap_wrong_password" time="0.425" /><testcase classname="backend.tests.test_iter25_features.TestAdmin" name="test_dashboard_metrics" time="0.443" /><testcase classname="backend.tests.test_iter25_features.TestAdmin" name="test_dashboard_metrics_forbidden_for_user" time="0.504" /><testcase classname="backend.tests.test_iter25_features.TestAdmin" name="test_users_list_filters" time="0.548" /><testcase classname="backend.tests.test_iter25_features.TestAdmin" name="test_patch_role" time="0.986" /><testcase classname="backend.tests.test_iter25_features.TestRegression" name="test_jobs_list" time="0.470" /><testcase classname="backend.tests.test_iter25_features.TestRegression" name="test_score_summary" time="0.529" /><testcase classname="backend.tests.test_iter25_features.TestRegression" name="test_user_kind_put" time="0.539" /><testcase classname="backend.tests.test_iter25_features.TestRegression" name="test_posts_crud_quick" time="1.106" /></testsuite></testsuites>