<?xml version="1.0" encoding="utf-8"?><testsuites name="pytest tests"><testsuite name="pytest" errors="0" failures="0" skipped="0" tests="23" time="41.615" timestamp="2026-05-07T12:53:01.711486+00:00" hostname="agent-env-a575aa55-f319-469a-957a-c31ec5932006"><testcase classname="backend.tests.test_iter18_score_rebalance.TestScoreTiers" name="test_tiers_endpoint_public_no_auth" time="1.416" /><testcase classname="backend.tests.test_iter18_score_rebalance.TestScoreTiers" name="test_tiers_actions_table" time="1.167" /><testcase classname="backend.tests.test_iter18_score_rebalance.TestScoreTiers" name="test_tiers_membership_lanes" time="0.169" /><testcase classname="backend.tests.test_iter18_score_rebalance.TestProfileCompletedBonus" name="test_profile_completed_awards_250_once" time="8.557" /><testcase classname="backend.tests.test_iter18_score_rebalance.TestDailyCheckin" name="test_daily_checkin_idempotent" time="11.307" /><testcase classname="backend.tests.test_iter18_score_rebalance.TestWeeklyResource" name="test_weekly_resource_idempotent" time="0.984" /><testcase classname="backend.tests.test_iter18_score_rebalance.TestPostsAndCaps" name="test_post_create_awards_15" time="1.114" /><testcase classname="backend.tests.test_iter18_score_rebalance.TestPostsAndCaps" name="test_post_share_awards_8" time="2.041" /><testcase classname="backend.tests.test_iter18_score_rebalance.TestPostsAndCaps" name="test_daily_soft_cap_60_blocks_5th_post" time="1.915" /><testcase classname="backend.tests.test_iter18_score_rebalance.TestPostsAndCaps" name="test_premium_2x_multiplier" time="1.311" /><testcase classname="backend.tests.test_iter18_score_rebalance.TestPostsAndCaps" name="test_lifetime_cap_clamp_at_10000" time="1.001" /><testcase classname="backend.tests.test_iter18_score_rebalance.TestTierMapping" name="test_rank_for_score[0-Member]" time="0.982" /><testcase classname="backend.tests.test_iter18_score_rebalance.TestTierMapping" name="test_rank_for_score[1500-Contributor]" time="0.935" /><testcase classname="backend.tests.test_iter18_score_rebalance.TestTierMapping" name="test_rank_for_score[4000-Connector]" time="0.986" /><testcase classname="backend.tests.test_iter18_score_rebalance.TestTierMapping" name="test_rank_for_score[7000-Builder]" time="0.937" /><testcase classname="backend.tests.test_iter18_score_rebalance.TestTierMapping" name="test_rank_for_score[9500-Steward]" time="0.917" /><testcase classname="backend.tests.test_iter18_score_rebalance.TestActivities" name="test_activity_created_awards_150" time="1.116" /><testcase classname="backend.tests.test_iter18_score_rebalance.TestRegression" name="test_currencies_200" time="0.156" /><testcase classname="backend.tests.test_iter18_score_rebalance.TestRegression" name="test_public_live_activity_200" time="0.159" /><testcase classname="backend.tests.test_iter18_score_rebalance.TestRegression" name="test_public_leaderboard_200" time="0.149" /><testcase classname="backend.tests.test_iter18_score_rebalance.TestRegression" name="test_hub_regions_200" time="0.715" /><testcase classname="backend.tests.test_iter18_score_rebalance.TestRegression" name="test_stripe_checkout_session_200" time="1.721" /><testcase classname="backend.tests.test_iter18_score_rebalance.TestRegression" name="test_dm_send_200" time="1.479" /></testsuite></testsuites>