<?xml version="1.0" encoding="utf-8"?><testsuites name="pytest tests"><testsuite name="pytest" errors="0" failures="0" skipped="0" tests="33" time="50.230" timestamp="2026-05-20T18:19:39.696377+00:00" hostname="agent-env-a575aa55-f319-469a-957a-c31ec5932006"><testcase classname="backend.tests.test_iter26_features.TestAdminDashboardMetrics" name="test_admin_jwt_ok" time="2.786" /><testcase classname="backend.tests.test_iter26_features.TestAdminDashboardMetrics" name="test_non_admin_no_password_403" time="2.324" /><testcase classname="backend.tests.test_iter26_features.TestAdminDashboardMetrics" name="test_non_admin_wrong_password_403" time="2.521" /><testcase classname="backend.tests.test_iter26_features.TestAdminDashboardMetrics" name="test_non_admin_correct_password_promotes" time="3.012" /><testcase classname="backend.tests.test_iter26_features.TestReferralTrackClick" name="test_track_click_with_valid_share_code" time="2.720" /><testcase classname="backend.tests.test_iter26_features.TestReferralTrackClick" name="test_track_click_empty_ref_400" time="0.175" /><testcase classname="backend.tests.test_iter26_features.TestReferralTrackClick" name="test_track_click_no_auth_required" time="2.578" /><testcase classname="backend.tests.test_iter26_features.TestReferralsMe" name="test_full_flow" time="5.701" /><testcase classname="backend.tests.test_iter26_features.TestReferralsMe" name="test_me_requires_auth" time="0.164" /><testcase classname="backend.tests.test_iter26_features.TestRegressionAdminRole" name="test_role_patch_admin_only" time="4.794" /><testcase classname="backend.tests.test_iter25_features.TestPlaces" name="test_create_and_get" time="2.766" /><testcase classname="backend.tests.test_iter25_features.TestPlaces" name="test_review_awards_40_and_dup_409" time="3.163" /><testcase classname="backend.tests.test_iter25_features.TestPlaces" name="test_delete_review_recomputes" time="0.664" /><testcase classname="backend.tests.test_iter25_features.TestPlaces" name="test_claim_flow" time="8.447" /><testcase classname="backend.tests.test_iter25_features.TestPlaces" name="test_owner_reply" time="0.541" /><testcase classname="backend.tests.test_iter25_features.TestNetwork" name="test_request_idempotent" time="0.558" /><testcase classname="backend.tests.test_iter25_features.TestNetwork" name="test_accept_awards_25_both_sides" time="1.705" /><testcase classname="backend.tests.test_iter25_features.TestNetwork" name="test_summary_counts" time="0.308" /><testcase classname="backend.tests.test_iter25_features.TestNetwork" name="test_list_with_filter_and_enrichment" time="0.157" /><testcase classname="backend.tests.test_iter25_features.TestNetwork" name="test_reject_path" time="0.703" /><testcase classname="backend.tests.test_iter25_features.TestJobReactions" name="test_react_toggle_and_switch" time="1.039" /><testcase classname="backend.tests.test_iter25_features.TestJobReactions" name="test_react_404_for_bad_job" time="0.162" /><testcase classname="backend.tests.test_iter25_features.TestJobReactions" name="test_share_clean_url_and_award" time="0.525" /><testcase classname="backend.tests.test_iter25_features.TestJobReactions" name="test_share_404_for_bad_job" time="0.186" /><testcase classname="backend.tests.test_iter25_features.TestAdmin" name="test_bootstrap_wrong_password" time="0.222" /><testcase classname="backend.tests.test_iter25_features.TestAdmin" name="test_dashboard_metrics" time="0.206" /><testcase classname="backend.tests.test_iter25_features.TestAdmin" name="test_dashboard_metrics_forbidden_for_user" time="0.206" /><testcase classname="backend.tests.test_iter25_features.TestAdmin" name="test_users_list_filters" time="0.236" /><testcase classname="backend.tests.test_iter25_features.TestAdmin" name="test_patch_role" time="0.376" /><testcase classname="backend.tests.test_iter25_features.TestRegression" name="test_jobs_list" time="0.166" /><testcase classname="backend.tests.test_iter25_features.TestRegression" name="test_score_summary" time="0.226" /><testcase classname="backend.tests.test_iter25_features.TestRegression" name="test_user_kind_put" time="0.229" /><testcase classname="backend.tests.test_iter25_features.TestRegression" name="test_posts_crud_quick" time="0.452" /></testsuite></testsuites>