<?xml version="1.0" encoding="utf-8"?><testsuites name="pytest tests"><testsuite name="pytest" errors="0" failures="0" skipped="1" tests="25" time="32.311" timestamp="2026-05-21T07:15:22.541747+00:00" hostname="agent-env-a575aa55-f319-469a-957a-c31ec5932006"><testcase classname="backend.tests.test_iter34_withdrawals.TestEligibilityGate" name="test_low_score_returns_403" time="3.642" /><testcase classname="backend.tests.test_iter34_withdrawals.TestEligibilityGate" name="test_unauth_returns_401_or_403" time="0.199" /><testcase classname="backend.tests.test_iter34_withdrawals.TestProofValidation" name="test_bad_mime_rejected" time="3.563" /><testcase classname="backend.tests.test_iter34_withdrawals.TestProofValidation" name="test_oversize_rejected" time="0.857" /><testcase classname="backend.tests.test_iter34_withdrawals.TestProofValidation" name="test_pdf_accepted" time="0.373" /><testcase classname="backend.tests.test_iter34_withdrawals.TestPydanticValidation" name="test_invalid_source" time="0.382" /><testcase classname="backend.tests.test_iter34_withdrawals.TestPydanticValidation" name="test_negative_amount" time="0.398" /><testcase classname="backend.tests.test_iter34_withdrawals.TestPydanticValidation" name="test_short_full_name" time="0.314" /><testcase classname="backend.tests.test_iter34_withdrawals.TestBalanceCheckAndReservation" name="test_wallet_over_balance_rejected" time="0.375" /><testcase classname="backend.tests.test_iter34_withdrawals.TestBalanceCheckAndReservation" name="test_promotion_over_balance_rejected" time="0.328" /><testcase classname="backend.tests.test_iter34_withdrawals.TestBalanceCheckAndReservation" name="test_wallet_debited_on_create" time="0.459" /><testcase classname="backend.tests.test_iter34_withdrawals.TestBalanceCheckAndReservation" name="test_promotion_debited_on_create" time="0.446" /><testcase classname="backend.tests.test_iter34_withdrawals.TestListAndProof" name="test_my_list_shape_and_masking" time="1.175" /><testcase classname="backend.tests.test_iter34_withdrawals.TestAdminGating" name="test_non_admin_blocked_on_list" time="0.391" /><testcase classname="backend.tests.test_iter34_withdrawals.TestAdminGating" name="test_non_admin_blocked_on_approve" time="0.290" /><testcase classname="backend.tests.test_iter34_withdrawals.TestAdminWorkflow" name="test_wallet_full_flow_reject_refund" time="7.550" /><testcase classname="backend.tests.test_iter34_withdrawals.TestAdminWorkflow" name="test_promotion_approve_then_mark_paid" time="1.677" /><testcase classname="backend.tests.test_iter34_withdrawals.TestAdminWorkflow" name="test_cannot_mark_paid_without_approve" time="1.243" /><testcase classname="backend.tests.test_iter34_withdrawals.TestAdminWorkflow" name="test_status_filter_all_returns_everything" time="1.778" /><testcase classname="backend.tests.test_iter34_withdrawals.TestAdminNotifications" name="test_create_withdrawal_notifies_admins" time="0.686" /><testcase classname="backend.tests.test_iter34_withdrawals.TestPromotionAutoCredit" name="test_post_create_credits_promotion_zar" time="4.183"><skipped type="pytest.skip" message="Promo create endpoint not as expected: 422 {&quot;detail&quot;:[{&quot;type&quot;:&quot;missing&quot;,&quot;loc&quot;:[&quot;body&quot;,&quot;name&quot;],&quot;msg&quot;:&quot;Field required&quot;,&quot;input&quot;:{&quot;title&quot;:&quot;TEST_iter34_24x7_09ec73&quot;,&quot;description&quot;:&quot;auto-credit test&quot;,&quot;starts_at&quot;:&quot;2020-01-01T00:00:00+00:00&quot;,&quot;ends_at&quot;:">/app/backend/tests/test_iter34_withdrawals.py:376: Promo create endpoint not as expected: 422 {"detail":[{"type":"missing","loc":["body","name"],"msg":"Field required","input":{"title":"TEST_iter34_24x7_09ec73","description":"auto-credit test","starts_at":"2020-01-01T00:00:00+00:00","ends_at":</skipped></testcase><testcase classname="backend.tests.test_iter34_withdrawals.TestRegression" name="test_admin_promotions_list_still_works" time="0.263" /><testcase classname="backend.tests.test_iter34_withdrawals.TestRegression" name="test_active_promotions" time="0.229" /><testcase classname="backend.tests.test_iter34_withdrawals.TestRegression" name="test_user_my_promotions" time="0.311" /><testcase classname="backend.tests.test_iter34_withdrawals.TestRegression" name="test_my_login_summary" time="0.255" /></testsuite></testsuites>