<?xml version="1.0" encoding="utf-8"?><testsuites name="pytest tests"><testsuite name="pytest" errors="0" failures="0" skipped="0" tests="15" time="6.523" timestamp="2026-06-06T11:11:49.786453+00:00" hostname="agent-env-a575aa55-f319-469a-957a-c31ec5932006"><testcase classname="backend.tests.test_iter50_super_pin.TestSuperPin" name="test_status_is_set_for_owner" time="0.818" /><testcase classname="backend.tests.test_iter50_super_pin.TestSuperPin" name="test_set_returns_409_already_set" time="0.191" /><testcase classname="backend.tests.test_iter50_super_pin.TestSuperPin" name="test_verify_correct_pin" time="0.660" /><testcase classname="backend.tests.test_iter50_super_pin.TestSuperPin" name="test_verify_wrong_pin" time="0.736" /><testcase classname="backend.tests.test_iter50_super_pin.TestSuperPin" name="test_non_owner_status_forbidden" time="0.857" /><testcase classname="backend.tests.test_iter50_super_pin.TestSuperPin" name="test_non_owner_verify_forbidden" time="0.215" /><testcase classname="backend.tests.test_iter50_super_pin.TestCleanupDeleteGated" name="test_no_header_returns_401" time="0.216" /><testcase classname="backend.tests.test_iter50_super_pin.TestCleanupDeleteGated" name="test_invalid_token_returns_401" time="0.234" /><testcase classname="backend.tests.test_iter50_super_pin.TestCleanupDeleteGated" name="test_valid_token_admin_target_rejected" time="0.898" /><testcase classname="backend.tests.test_iter50_super_pin.TestRoleGateSync" name="test_admin_users_list_admin" time="0.212" /><testcase classname="backend.tests.test_iter50_super_pin.TestRoleGateSync" name="test_admin_users_list_super" time="0.278" /><testcase classname="backend.tests.test_iter50_super_pin.TestRoleGateSync" name="test_owner_overview_super" time="0.325" /><testcase classname="backend.tests.test_iter50_super_pin.TestRoleGateSync" name="test_owner_overview_admin_forbidden" time="0.176" /><testcase classname="backend.tests.test_iter50_super_pin.TestByUsername" name="test_owner_username_lookup" time="0.193" /><testcase classname="backend.tests.test_iter50_super_pin.TestByUsername" name="test_nonexistent_username_404" time="0.189" /></testsuite></testsuites>