<?xml version="1.0" encoding="utf-8"?><testsuites name="pytest tests"><testsuite name="pytest" errors="0" failures="0" skipped="0" tests="27" time="11.989" timestamp="2026-06-10T11:10:06.396785+00:00" hostname="agent-env-a575aa55-f319-469a-957a-c31ec5932006"><testcase classname="backend.tests.test_iter53_ambassador_program.TestAuth" name="test_owner_login" time="0.478" /><testcase classname="backend.tests.test_iter53_ambassador_program.TestAuth" name="test_standing_admin_login" time="0.405" /><testcase classname="backend.tests.test_iter53_ambassador_program.TestAmbassadorConfig" name="test_get_config_super_admin_only" time="0.151" /><testcase classname="backend.tests.test_iter53_ambassador_program.TestAmbassadorConfig" name="test_admin_role_gets_403" time="0.140" /><testcase classname="backend.tests.test_iter53_ambassador_program.TestAmbassadorConfig" name="test_patch_config_super_admin" time="1.586" /><testcase classname="backend.tests.test_iter53_ambassador_program.TestIncentivePayloadShape" name="test_payload_shape" time="1.064" /><testcase classname="backend.tests.test_iter53_ambassador_program.TestIncentivePayloadShape" name="test_dashboard_v2_field_aliases_missing" time="0.169" /><testcase classname="backend.tests.test_iter53_ambassador_program.TestActivityUnlock" name="test_activity_targets_unchanged" time="0.148" /><testcase classname="backend.tests.test_iter53_ambassador_program.TestWithdrawalEligibility" name="test_below_threshold_returns_400_or_403" time="0.129" /><testcase classname="backend.tests.test_iter53_ambassador_program.TestWithdrawalEligibility" name="test_unlocks_at_10_qualifying_referrals" time="0.582" /><testcase classname="backend.tests.test_iter53_ambassador_program.TestWithdrawalEligibility" name="test_withdraw_blocked_by_june_payout" time="0.128" /><testcase classname="backend.tests.test_iter53_ambassador_program.TestNoWalletFees" name="test_no_wallet_deduction_on_request" time="0.627" /><testcase classname="backend.tests.test_iter53_ambassador_program.TestAdminBonus" name="test_award_bonus_super_admin_only" time="0.315" /><testcase classname="backend.tests.test_iter53_ambassador_program.TestAdminBonus" name="test_award_bonus_non_admin_403" time="0.128" /><testcase classname="backend.tests.test_iter53_ambassador_program.TestAdminBonus" name="test_award_bonus_admin_role_403" time="0.125" /><testcase classname="backend.tests.test_iter53_ambassador_program.TestAdminBonus" name="test_bonus_adjust_positive" time="0.141" /><testcase classname="backend.tests.test_iter53_ambassador_program.TestAdminBonus" name="test_bonus_adjust_negative_refuses_below_paid" time="0.136" /><testcase classname="backend.tests.test_iter53_ambassador_program.TestAdminAmbassadorViews" name="test_overview" time="0.291" /><testcase classname="backend.tests.test_iter53_ambassador_program.TestAdminAmbassadorViews" name="test_detail" time="0.143" /><testcase classname="backend.tests.test_iter53_ambassador_program.TestAdminAmbassadorViews" name="test_earnings_history" time="0.126" /><testcase classname="backend.tests.test_iter53_ambassador_program.TestAmbassadorsMe" name="test_me_payload" time="0.132" /><testcase classname="backend.tests.test_iter53_ambassador_program.TestAmbassadorsMe" name="test_me_403_non_ambassador" time="0.543" /><testcase classname="backend.tests.test_iter53_ambassador_program.TestAmbassadorApplication" name="test_apply_low_score_403" time="1.578" /><testcase classname="backend.tests.test_iter53_ambassador_program.TestAmbassadorApplication" name="test_apply_then_approve_flow" time="1.174" /><testcase classname="backend.tests.test_iter53_ambassador_program.TestRegression" name="test_legacy_admin_ambassadors_listing" time="0.218" /><testcase classname="backend.tests.test_iter53_ambassador_program.TestRegression" name="test_make_ambassador_grants_role_and_audit" time="0.876" /><testcase classname="backend.tests.test_iter53_ambassador_program.TestAuditEndpoint" name="test_audit_listing" time="0.165" /></testsuite></testsuites>