<?xml version="1.0" encoding="utf-8"?><testsuites name="pytest tests"><testsuite name="pytest" errors="0" failures="0" skipped="0" tests="12" time="7.080" timestamp="2026-06-24T21:01:13.683362+00:00" hostname="agent-env-a575aa55-f319-469a-957a-c31ec5932006"><testcase classname="backend.tests.test_iter56_lean_creator_flow.TestLeanCreateProduct" name="test_publish_true_produces_approved_with_defaults" time="1.643" /><testcase classname="backend.tests.test_iter56_lean_creator_flow.TestLeanCreateProduct" name="test_publish_false_saves_as_draft" time="0.235" /><testcase classname="backend.tests.test_iter56_lean_creator_flow.TestLeanCreateProduct" name="test_more_options_fields_persist" time="0.200" /><testcase classname="backend.tests.test_iter56_lean_creator_flow.TestSellerDashboard" name="test_dashboard_returns_all_required_fields" time="0.192" /><testcase classname="backend.tests.test_iter56_lean_creator_flow.TestSellerDashboard" name="test_dashboard_requires_auth" time="0.241" /><testcase classname="backend.tests.test_iter56_lean_creator_flow.TestPublicStorefront" name="test_storefront_is_public_no_auth_required" time="0.254" /><testcase classname="backend.tests.test_iter56_lean_creator_flow.TestPublicStorefront" name="test_storefront_hides_drafts_shows_approved" time="1.222" /><testcase classname="backend.tests.test_iter56_lean_creator_flow.TestPublicStorefront" name="test_storefront_returns_404_for_unknown" time="0.420" /><testcase classname="backend.tests.test_iter56_lean_creator_flow.TestCustomizeStorefront" name="test_update_name_and_bio_reflects_in_storefront" time="0.831" /><testcase classname="backend.tests.test_iter56_lean_creator_flow.TestCustomizeStorefront" name="test_name_length_validation" time="0.493" /><testcase classname="backend.tests.test_iter56_lean_creator_flow.TestCustomizeStorefront" name="test_bio_length_validation" time="0.210" /><testcase classname="backend.tests.test_iter56_lean_creator_flow.TestCustomizeStorefront" name="test_requires_auth" time="0.209" /></testsuite></testsuites>