<?xml version="1.0" encoding="utf-8"?><testsuites name="pytest tests"><testsuite name="pytest" errors="0" failures="0" skipped="2" tests="25" time="78.980" timestamp="2026-05-20T19:04:12.473501+00:00" hostname="agent-env-a575aa55-f319-469a-957a-c31ec5932006"><testcase classname="backend.tests.test_iter27_admin_moderation.TestAuditLog" name="test_requires_admin" time="3.527" /><testcase classname="backend.tests.test_iter27_admin_moderation.TestAuditLog" name="test_returns_list_newest_first" time="9.218" /><testcase classname="backend.tests.test_iter27_admin_moderation.TestSuspendToggle" name="test_suspend_toggle" time="4.316" /><testcase classname="backend.tests.test_iter27_admin_moderation.TestUserSingleDelete" name="test_self_delete_blocked" time="0.248" /><testcase classname="backend.tests.test_iter27_admin_moderation.TestUserSingleDelete" name="test_soft_delete_with_purge_content" time="3.407" /><testcase classname="backend.tests.test_iter27_admin_moderation.TestUserSingleDelete" name="test_hard_delete_cascades" time="3.619" /><testcase classname="backend.tests.test_iter27_admin_moderation.TestBulkUserDelete" name="test_preview_then_soft_requires_token" time="5.663" /><testcase classname="backend.tests.test_iter27_admin_moderation.TestBulkUserDelete" name="test_admins_excluded_from_bulk_sweep" time="0.178" /><testcase classname="backend.tests.test_iter27_admin_moderation.TestContentSingleDelete" name="test_post_delete_and_404" time="3.061" /><testcase classname="backend.tests.test_iter27_admin_moderation.TestContentSingleDelete" name="test_message_delete_404_for_missing" time="0.170" /><testcase classname="backend.tests.test_iter27_admin_moderation.TestContentBulkDelete" name="test_preview_then_execute_posts" time="3.556" /><testcase classname="backend.tests.test_iter27_admin_moderation.TestContentBulkDelete" name="test_bad_kind_400" time="0.170" /><testcase classname="backend.tests.test_iter27_admin_moderation.TestCreditGrants" name="test_reason_too_short_400" time="2.662" /><testcase classname="backend.tests.test_iter27_admin_moderation.TestCreditGrants" name="test_amount_zero_400" time="4.903" /><testcase classname="backend.tests.test_iter27_admin_moderation.TestCreditGrants" name="test_bad_currency_400" time="2.766" /><testcase classname="backend.tests.test_iter27_admin_moderation.TestCreditGrants" name="test_bad_target_type_400" time="0.208" /><testcase classname="backend.tests.test_iter27_admin_moderation.TestCreditGrants" name="test_positive_grant_user_usd_increments_wallet" time="3.756" /><testcase classname="backend.tests.test_iter27_admin_moderation.TestCreditGrants" name="test_negative_grant_user_decrements" time="3.455" /><testcase classname="backend.tests.test_iter27_admin_moderation.TestCreditGrants" name="test_zar_grant_converts_to_usd" time="3.011" /><testcase classname="backend.tests.test_iter27_admin_moderation.TestCreditGrants" name="test_hard_cap_requires_co_approval" time="7.038" /><testcase classname="backend.tests.test_iter27_admin_moderation.TestCreditGrants" name="test_notification_emitted_on_user_grant" time="3.160" /><testcase classname="backend.tests.test_iter27_admin_moderation.TestCreditGrants" name="test_list_grants" time="0.272" /><testcase classname="backend.tests.test_iter27_admin_moderation.TestStokvelPoolGrant" name="test_positive_stokvel_grant_increments_pool" time="3.484"><skipped type="pytest.skip" message="stokvel create failed: 503 {&quot;detail&quot;:&quot;Stokvel+ is coming soon. Creation and registration are temporarily disabled.&quot;}">/app/backend/tests/test_iter27_admin_moderation.py:479: stokvel create failed: 503 {"detail":"Stokvel+ is coming soon. Creation and registration are temporarily disabled."}</skipped></testcase><testcase classname="backend.tests.test_iter27_admin_moderation.TestAdminStokvels" name="test_requires_admin" time="3.273" /><testcase classname="backend.tests.test_iter27_admin_moderation.TestAdminStokvels" name="test_search" time="3.492"><skipped type="pytest.skip" message="stokvel create failed: 503 {&quot;detail&quot;:&quot;Stokvel+ is coming soon. Creation and registration are temporarily disabled.&quot;}">/app/backend/tests/test_iter27_admin_moderation.py:523: stokvel create failed: 503 {"detail":"Stokvel+ is coming soon. Creation and registration are temporarily disabled."}</skipped></testcase></testsuite></testsuites>