<?xml version="1.0" encoding="utf-8"?><testsuites name="pytest tests"><testsuite name="pytest" errors="0" failures="0" skipped="0" tests="15" time="9.783" timestamp="2026-05-01T11:50:16.181348+00:00" hostname="agent-env-a575aa55-f319-469a-957a-c31ec5932006"><testcase classname="backend.tests.test_multisig_withdrawals.TestSignatories" name="test_creator_sets_signatories" time="3.216" /><testcase classname="backend.tests.test_multisig_withdrawals.TestSignatories" name="test_non_creator_forbidden" time="0.148" /><testcase classname="backend.tests.test_multisig_withdrawals.TestSignatories" name="test_too_many_signatories" time="0.144" /><testcase classname="backend.tests.test_multisig_withdrawals.TestSignatories" name="test_non_member_signatory" time="0.128" /><testcase classname="backend.tests.test_multisig_withdrawals.TestWithdrawalsCrud" name="test_create_withdrawal_valid" time="0.304" /><testcase classname="backend.tests.test_multisig_withdrawals.TestWithdrawalsCrud" name="test_create_withdrawal_zero_amount" time="0.218" /><testcase classname="backend.tests.test_multisig_withdrawals.TestWithdrawalsCrud" name="test_create_withdrawal_exceeds_pool" time="0.144" /><testcase classname="backend.tests.test_multisig_withdrawals.TestWithdrawalsCrud" name="test_list_withdrawals_member" time="0.149" /><testcase classname="backend.tests.test_multisig_withdrawals.TestWithdrawalsCrud" name="test_list_withdrawals_non_member_forbidden" time="0.817" /><testcase classname="backend.tests.test_multisig_withdrawals.TestVotingExecution" name="test_one_of_one_executes_and_credits" time="0.827" /><testcase classname="backend.tests.test_multisig_withdrawals.TestVotingExecution" name="test_non_signatory_cannot_vote" time="0.615" /><testcase classname="backend.tests.test_multisig_withdrawals.TestVotingExecution" name="test_vote_twice_and_resolved" time="1.523" /><testcase classname="backend.tests.test_multisig_withdrawals.TestVotingExecution" name="test_two_of_two_requires_both" time="0.680" /><testcase classname="backend.tests.test_multisig_withdrawals.TestVotingExecution" name="test_rejections_reach_threshold" time="0.569" /><testcase classname="backend.tests.test_multisig_withdrawals.TestSmartAccessRegression" name="test_eligibility_endpoint_works" time="0.160" /></testsuite></testsuites>