<?xml version="1.0" encoding="utf-8"?><testsuites name="pytest tests"><testsuite name="pytest" errors="0" failures="0" skipped="0" tests="13" time="13.819" timestamp="2026-06-25T01:10:20.584568+00:00" hostname="agent-env-a575aa55-f319-469a-957a-c31ec5932006"><testcase classname="backend.tests.test_iter56f_cloudinary.TestCloudinaryServiceConfig" name="test_is_enabled_returns_true" time="0.026" /><testcase classname="backend.tests.test_iter56f_cloudinary.TestCloudinaryServiceConfig" name="test_disk_fallback_code_path_exists" time="0.008" /><testcase classname="backend.tests.test_iter56f_cloudinary.TestImageUpload" name="test_png_upload_returns_cloudinary_url" time="2.213" /><testcase classname="backend.tests.test_iter56f_cloudinary.TestVideoUpload" name="test_mp4_upload_returns_cloudinary_video_url" time="1.297" /><testcase classname="backend.tests.test_iter56f_cloudinary.TestScopeGuardsAndLimits" name="test_announcements_scope_non_admin_403" time="0.189" /><testcase classname="backend.tests.test_iter56f_cloudinary.TestScopeGuardsAndLimits" name="test_files_scope_rejected" time="0.133" /><testcase classname="backend.tests.test_iter56f_cloudinary.TestScopeGuardsAndLimits" name="test_unknown_mime_415" time="0.139" /><testcase classname="backend.tests.test_iter56f_cloudinary.TestScopeGuardsAndLimits" name="test_image_too_large_413" time="0.650" /><testcase classname="backend.tests.test_iter56f_cloudinary.TestScopeGuardsAndLimits" name="test_video_too_large_413" time="1.951" /><testcase classname="backend.tests.test_iter56f_cloudinary.TestDocumentUpload" name="test_pdf_upload_returns_cloudinary_raw_url" time="0.971" /><testcase classname="backend.tests.test_iter56f_cloudinary.TestDocumentUpload" name="test_zip_upload" time="0.546" /><testcase classname="backend.tests.test_iter56f_cloudinary.TestDocumentUpload" name="test_doc_too_large_413" time="3.385" /><testcase classname="backend.tests.test_iter56f_cloudinary.TestProductFlowWithCloudinaryAsset" name="test_product_persists_cloudinary_url" time="2.139" /></testsuite></testsuites>