<?xml version="1.0" encoding="utf-8"?><testsuites name="pytest tests"><testsuite name="pytest" errors="0" failures="0" skipped="0" tests="10" time="3.029" timestamp="2026-06-25T11:27:36.330824+00:00" hostname="agent-env-a575aa55-f319-469a-957a-c31ec5932006"><testcase classname="tests.test_iter58b_perf_cloudinary_pagination.TestPostsPagination" name="test_default_limit_is_10" time="0.186" /><testcase classname="tests.test_iter58b_perf_cloudinary_pagination.TestPostsPagination" name="test_skip_limit_explicit" time="0.089" /><testcase classname="tests.test_iter58b_perf_cloudinary_pagination.TestPostsPagination" name="test_limit_50_works" time="0.049" /><testcase classname="tests.test_iter58b_perf_cloudinary_pagination.TestPostsPagination" name="test_limit_200_capped_at_50" time="0.048" /><testcase classname="tests.test_iter58b_perf_cloudinary_pagination.TestPayloadAudit" name="test_no_image_data_url_in_response" time="0.051" /><testcase classname="tests.test_iter58b_perf_cloudinary_pagination.TestPayloadAudit" name="test_slides_have_no_image_data_url" time="0.048" /><testcase classname="tests.test_iter58b_perf_cloudinary_pagination.TestBase64Coercion" name="test_post_create_coerces_base64_to_cloudinary" time="1.599" /><testcase classname="tests.test_iter58b_perf_cloudinary_pagination.TestProfilePhotoCoercion" name="test_put_users_me_coerces_photo" time="0.738" /><testcase classname="tests.test_iter58b_perf_cloudinary_pagination.TestSitemapPDF" name="test_pdf_head" time="0.042" /><testcase classname="tests.test_iter58b_perf_cloudinary_pagination.TestSitemapPDF" name="test_pdf_get_valid" time="0.042" /></testsuite></testsuites>