<?xml version="1.0" encoding="utf-8"?><testsuites name="pytest tests"><testsuite name="pytest" errors="0" failures="0" skipped="0" tests="12" time="11.977" timestamp="2026-05-20T19:10:28.333631+00:00" hostname="agent-env-a575aa55-f319-469a-957a-c31ec5932006"><testcase classname="backend.tests.test_iter31_retest.TestPostsFeedBaseline" name="test_posts_feed_returns_200_before_announce" time="2.739" /><testcase classname="backend.tests.test_iter31_retest.TestAnnounceShapeFix" name="test_announce_creates_post_with_correct_shape" time="0.226" /><testcase classname="backend.tests.test_iter31_retest.TestAnnounceShapeFix" name="test_get_posts_returns_200_after_announce" time="0.326" /><testcase classname="backend.tests.test_iter31_retest.TestAnnounceShapeFix" name="test_get_posts_unauth_also_works" time="0.126" /><testcase classname="backend.tests.test_iter31_retest.TestRestrict404" name="test_restrict_bad_user_id_returns_404" time="0.155" /><testcase classname="backend.tests.test_iter31_retest.TestRestrict404" name="test_restrict_valid_user_still_works" time="2.358" /><testcase classname="backend.tests.test_iter31_retest.TestRestrict404" name="test_restrict_empty_body_still_400" time="2.729" /><testcase classname="backend.tests.test_iter31_retest.TestFlag404" name="test_flag_bad_user_id_returns_404" time="0.154" /><testcase classname="backend.tests.test_iter31_retest.TestFlag404" name="test_flag_valid_user_still_works" time="2.469" /><testcase classname="backend.tests.test_iter31_retest.TestRegressionSmokes" name="test_feature_flags_public_get" time="0.165" /><testcase classname="backend.tests.test_iter31_retest.TestRegressionSmokes" name="test_ambassadors_leaderboard_public" time="0.213" /><testcase classname="backend.tests.test_iter31_retest.TestRegressionSmokes" name="test_admin_full_profile_404_on_bad_id" time="0.162" /></testsuite></testsuites>