<?xml version="1.0" encoding="utf-8"?><testsuites name="pytest tests"><testsuite name="pytest" errors="0" failures="0" skipped="0" tests="19" time="8.547" timestamp="2026-06-24T23:03:54.077649+00:00" hostname="agent-env-a575aa55-f319-469a-957a-c31ec5932006"><testcase classname="backend.tests.test_iter56d_outreach.TestOutreachTemplates" name="test_super_admin_lists_3_templates" time="0.575" /><testcase classname="backend.tests.test_iter56d_outreach.TestOutreachTemplates" name="test_admin_role_can_list" time="0.522" /><testcase classname="backend.tests.test_iter56d_outreach.TestOutreachTemplates" name="test_regular_user_forbidden" time="1.342" /><testcase classname="backend.tests.test_iter56d_outreach.TestOutreachPreview" name="test_preview_contains_required_elements" time="0.131" /><testcase classname="backend.tests.test_iter56d_outreach.TestOutreachPreview" name="test_preview_handles_all_3_templates" time="0.395" /><testcase classname="backend.tests.test_iter56d_outreach.TestOutreachPreview" name="test_preview_unknown_template_falls_back" time="0.117" /><testcase classname="backend.tests.test_iter56d_outreach.TestOutreachSendSingle" name="test_rejects_empty_subject" time="0.130" /><testcase classname="backend.tests.test_iter56d_outreach.TestOutreachSendSingle" name="test_rejects_empty_email" time="0.123" /><testcase classname="backend.tests.test_iter56d_outreach.TestOutreachSendSingle" name="test_suppresses_existing_registered_user" time="0.134" /><testcase classname="backend.tests.test_iter56d_outreach.TestOutreachSendSingle" name="test_sends_to_fresh_prospect_and_persists" time="0.423" /><testcase classname="backend.tests.test_iter56d_outreach.TestOutreachBulk" name="test_bulk_max_recipients_enforced" time="0.114" /><testcase classname="backend.tests.test_iter56d_outreach.TestOutreachBulk" name="test_bulk_mixed_list_returns_per_row_results" time="0.296" /><testcase classname="backend.tests.test_iter56d_outreach.TestOutreachCSVAndOps" name="test_csv_upload" time="0.131" /><testcase classname="backend.tests.test_iter56d_outreach.TestOutreachCSVAndOps" name="test_history_stats_30d_present" time="0.143" /><testcase classname="backend.tests.test_iter56d_outreach.TestOutreachCSVAndOps" name="test_resend_increments_counter" time="0.736" /><testcase classname="backend.tests.test_iter56d_outreach.TestOutreachCSVAndOps" name="test_suppressions_endpoint" time="0.126" /><testcase classname="backend.tests.test_iter56d_outreach.TestOutreachCSVAndOps" name="test_never_contact_with_valid_jwt_adds_suppression" time="0.688" /><testcase classname="backend.tests.test_iter56d_outreach.TestApplyForGrowth" name="test_apply_for_growth_promotes_user" time="1.209" /><testcase classname="backend.tests.test_iter56d_outreach.TestApplyForGrowth" name="test_without_apply_for_growth_independent_silently_drops_support" time="0.995" /></testsuite></testsuites>