<?xml version="1.0" encoding="utf-8"?><testsuites name="pytest tests"><testsuite name="pytest" errors="0" failures="0" skipped="0" tests="17" time="4.362" timestamp="2026-06-06T09:16:44.933974+00:00" hostname="agent-env-a575aa55-f319-469a-957a-c31ec5932006"><testcase classname="backend.tests.test_iter49_role_share_promotions.TestHeartbeatRoleStability" name="test_heartbeat_preserves_super_admin" time="0.706" /><testcase classname="backend.tests.test_iter49_role_share_promotions.TestHeartbeatRoleStability" name="test_heartbeat_preserves_admin" time="0.685" /><testcase classname="backend.tests.test_iter49_role_share_promotions.TestHeartbeatRoleStability" name="test_heartbeat_preserves_user" time="0.676" /><testcase classname="backend.tests.test_iter49_role_share_promotions.TestUpdateProfileNoRole" name="test_role_not_accepted_in_body" time="0.133" /><testcase classname="backend.tests.test_iter49_role_share_promotions.TestAdminBootstrap" name="test_bad_password_403" time="0.131" /><testcase classname="backend.tests.test_iter49_role_share_promotions.TestAdminBootstrap" name="test_valid_password_promotes_super_admin_email_not_caller" time="0.149" /><testcase classname="backend.tests.test_iter49_role_share_promotions.TestDashboardMetricsNoAutoPromote" name="test_user_with_admin_pw_not_promoted" time="0.160" /><testcase classname="backend.tests.test_iter49_role_share_promotions.TestBootstrapLog" name="test_log_line_present" time="0.006" /><testcase classname="backend.tests.test_iter49_role_share_promotions.TestHubsRegions" name="test_55_entries_and_required_countries" time="0.128" /><testcase classname="backend.tests.test_iter49_role_share_promotions.TestAmbassadorShareLink" name="test_403_for_non_ambassador" time="0.131" /><testcase classname="backend.tests.test_iter49_role_share_promotions.TestAmbassadorShareLink" name="test_payload_for_standing_admin_ambassador" time="0.197" /><testcase classname="backend.tests.test_iter49_role_share_promotions.TestReferralLanding" name="test_404_for_bogus" time="0.131" /><testcase classname="backend.tests.test_iter49_role_share_promotions.TestReferralLanding" name="test_public_no_auth_required" time="0.125" /><testcase classname="backend.tests.test_iter49_role_share_promotions.TestPromotionShare" name="test_share_payload" time="0.126" /><testcase classname="backend.tests.test_iter49_role_share_promotions.TestPromotionShare" name="test_share_payload_404" time="0.128" /><testcase classname="backend.tests.test_iter49_role_share_promotions.TestPromotionShare" name="test_share_awards_then_cooldown" time="0.289" /><testcase classname="backend.tests.test_iter49_role_share_promotions.TestPromotionShare" name="test_share_404_unknown_promo" time="0.130" /></testsuite></testsuites>