<?xml version="1.0" encoding="utf-8"?><testsuites name="pytest tests"><testsuite name="pytest" errors="0" failures="1" skipped="0" tests="9" time="4.252" timestamp="2026-05-03T05:46:59.470756+00:00" hostname="agent-env-a575aa55-f319-469a-957a-c31ec5932006"><testcase classname="backend.tests.test_public_landing.TestActivityLive" name="test_activity_live_no_auth_200" time="0.820" /><testcase classname="backend.tests.test_public_landing.TestActivityLive" name="test_activity_live_items_shape" time="0.286" /><testcase classname="backend.tests.test_public_landing.TestActivityLive" name="test_activity_live_seeded_when_quiet" time="0.479" /><testcase classname="backend.tests.test_public_landing.TestActivityLive" name="test_activity_live_limit_param" time="0.741" /><testcase classname="backend.tests.test_public_landing.TestActivityLive" name="test_activity_live_no_auth_header_required" time="0.295" /><testcase classname="backend.tests.test_public_landing.TestLeaderboardPublic" name="test_leaderboard_public_no_auth_200" time="0.195" /><testcase classname="backend.tests.test_public_landing.TestLeaderboardPublic" name="test_leaderboard_leader_shape" time="0.238" /><testcase classname="backend.tests.test_public_landing.TestLeaderboardPublic" name="test_leaderboard_seeded_flag_when_sparse" time="0.328" /><testcase classname="backend.tests.test_public_landing.TestLeaderboardPublic" name="test_leaderboard_limit" time="0.177"><failure message="AssertionError: assert 4 &lt;= 3&#10; +  where 4 = len([{'city': '', 'network_score': 1000, 'photo': '', 'rank': 1, ...}, {'city': '', 'network_score': 1000, 'photo': '', 'rank': 2, ...}, {'city': '', 'network_score': 1000, 'photo': '', 'rank': 3, ...}, {'city': 'Cape Town', 'network_score': 9420, 'photo': '', 'rank': 4, ...}])">backend/tests/test_public_landing.py:93: in test_leaderboard_limit
    assert len(r.json()["leaders"]) &lt;= 3
E   AssertionError: assert 4 &lt;= 3
E    +  where 4 = len([{'city': '', 'network_score': 1000, 'photo': '', 'rank': 1, ...}, {'city': '', 'network_score': 1000, 'photo': '', 'rank': 2, ...}, {'city': '', 'network_score': 1000, 'photo': '', 'rank': 3, ...}, {'city': 'Cape Town', 'network_score': 9420, 'photo': '', 'rank': 4, ...}])</failure></testcase></testsuite></testsuites>