<?xml version="1.0" encoding="utf-8"?><testsuites name="pytest tests"><testsuite name="pytest" errors="0" failures="0" skipped="0" tests="30" time="6.068" timestamp="2026-04-01T07:50:56.702017+00:00" hostname="agent-env-a575aa55-f319-469a-957a-c31ec5932006"><testcase classname="backend.tests.test_stokvel_api.TestHealthAndAuth" name="test_signup_success" time="0.568" /><testcase classname="backend.tests.test_stokvel_api.TestHealthAndAuth" name="test_signup_duplicate_email" time="0.162" /><testcase classname="backend.tests.test_stokvel_api.TestHealthAndAuth" name="test_login_success" time="0.403" /><testcase classname="backend.tests.test_stokvel_api.TestHealthAndAuth" name="test_login_invalid_credentials" time="0.423" /><testcase classname="backend.tests.test_stokvel_api.TestHealthAndAuth" name="test_get_current_user" time="0.125" /><testcase classname="backend.tests.test_stokvel_api.TestWallet" name="test_get_wallet_initial" time="0.113" /><testcase classname="backend.tests.test_stokvel_api.TestWallet" name="test_deposit_funds" time="0.113" /><testcase classname="backend.tests.test_stokvel_api.TestWallet" name="test_get_wallet_after_deposit" time="0.112" /><testcase classname="backend.tests.test_stokvel_api.TestWallet" name="test_get_transactions" time="0.119" /><testcase classname="backend.tests.test_stokvel_api.TestStokvel" name="test_create_stokvel_insufficient_balance" time="0.512" /><testcase classname="backend.tests.test_stokvel_api.TestStokvel" name="test_create_stokvel_success" time="0.120" /><testcase classname="backend.tests.test_stokvel_api.TestStokvel" name="test_wallet_balance_after_stokvel_creation" time="0.119" /><testcase classname="backend.tests.test_stokvel_api.TestStokvel" name="test_get_stokvels_list" time="0.119" /><testcase classname="backend.tests.test_stokvel_api.TestStokvel" name="test_get_stokvel_detail" time="0.127" /><testcase classname="backend.tests.test_stokvel_api.TestStokvel" name="test_get_stokvel_strength" time="0.173" /><testcase classname="backend.tests.test_stokvel_api.TestContributions" name="test_contribute_to_stokvel" time="0.231" /><testcase classname="backend.tests.test_stokvel_api.TestContributions" name="test_get_contributions" time="0.116" /><testcase classname="backend.tests.test_stokvel_api.TestContributions" name="test_stokvel_pool_updated" time="0.119" /><testcase classname="backend.tests.test_stokvel_api.TestScoreAndRewards" name="test_get_my_score" time="0.120" /><testcase classname="backend.tests.test_stokvel_api.TestScoreAndRewards" name="test_get_group_score" time="0.135" /><testcase classname="backend.tests.test_stokvel_api.TestScoreAndRewards" name="test_get_my_rewards" time="0.105" /><testcase classname="backend.tests.test_stokvel_api.TestLeaderboards" name="test_get_user_leaderboard" time="0.200" /><testcase classname="backend.tests.test_stokvel_api.TestLeaderboards" name="test_get_group_leaderboard" time="0.542" /><testcase classname="backend.tests.test_stokvel_api.TestSmartAccess" name="test_check_smart_access_eligibility" time="0.172" /><testcase classname="backend.tests.test_stokvel_api.TestBadges" name="test_get_available_badges" time="0.139" /><testcase classname="backend.tests.test_stokvel_api.TestBadges" name="test_get_my_badges" time="0.115" /><testcase classname="backend.tests.test_stokvel_api.TestPosts" name="test_create_post" time="0.125" /><testcase classname="backend.tests.test_stokvel_api.TestPosts" name="test_get_posts" time="0.172" /><testcase classname="backend.tests.test_stokvel_api.TestDashboard" name="test_get_dashboard" time="0.137" /><testcase classname="backend.tests.test_stokvel_api.TestNotifications" name="test_get_notifications" time="0.116" /></testsuite></testsuites>