<?xml version="1.0" encoding="utf-8"?><testsuites name="pytest tests"><testsuite name="pytest" errors="0" failures="0" skipped="0" tests="9" time="8.664" timestamp="2026-04-01T09:12:57.029632+00:00" hostname="agent-env-a575aa55-f319-469a-957a-c31ec5932006"><testcase classname="backend.tests.test_terms_compliance.TestTermsCompliance" name="test_signup_with_terms_accepted" time="1.380" /><testcase classname="backend.tests.test_terms_compliance.TestTermsCompliance" name="test_signup_stores_terms_version" time="0.908" /><testcase classname="backend.tests.test_terms_compliance.TestTermsCompliance" name="test_signup_without_terms_still_works" time="0.917" /><testcase classname="backend.tests.test_terms_compliance.TestTermsCompliance" name="test_login_does_not_require_terms" time="1.814" /><testcase classname="backend.tests.test_terms_compliance.TestTermsCompliance" name="test_duplicate_email_rejected" time="1.114" /><testcase classname="backend.tests.test_terms_compliance.TestTermsCompliance" name="test_duplicate_username_rejected" time="1.385" /><testcase classname="backend.tests.test_terms_compliance.TestAuthEndpoints" name="test_health_check" time="0.168" /><testcase classname="backend.tests.test_terms_compliance.TestAuthEndpoints" name="test_invalid_login" time="0.305" /><testcase classname="backend.tests.test_terms_compliance.TestAuthEndpoints" name="test_protected_endpoint_requires_auth" time="0.364" /></testsuite></testsuites>