<?xml version="1.0" encoding="utf-8"?><testsuites name="pytest tests"><testsuite name="pytest" errors="0" failures="0" skipped="0" tests="31" time="7.243" timestamp="2026-05-01T09:56:14.928697+00:00" hostname="agent-env-a575aa55-f319-469a-957a-c31ec5932006"><testcase classname="backend.tests.test_hubs_connections_media.TestCities" name="test_list_cities_returns_11_curated" time="0.362" /><testcase classname="backend.tests.test_hubs_connections_media.TestProfileUpdate" name="test_update_city_profession_interests" time="0.687" /><testcase classname="backend.tests.test_hubs_connections_media.TestProfileUpdate" name="test_update_persists" time="0.131" /><testcase classname="backend.tests.test_hubs_connections_media.TestHubUsers" name="test_requires_auth" time="0.176" /><testcase classname="backend.tests.test_hubs_connections_media.TestHubUsers" name="test_lists_users_in_city_excluding_self" time="0.882" /><testcase classname="backend.tests.test_hubs_connections_media.TestConnectionRequests" name="test_self_request_rejected" time="0.123" /><testcase classname="backend.tests.test_hubs_connections_media.TestConnectionRequests" name="test_invalid_type_rejected" time="0.118" /><testcase classname="backend.tests.test_hubs_connections_media.TestConnectionRequests" name="test_send_social_request" time="0.169" /><testcase classname="backend.tests.test_hubs_connections_media.TestConnectionRequests" name="test_duplicate_pending_rejected" time="0.180" /><testcase classname="backend.tests.test_hubs_connections_media.TestConnectionRequests" name="test_financial_with_stokvel" time="0.177" /><testcase classname="backend.tests.test_hubs_connections_media.TestConnectionRequests" name="test_professional_request" time="0.152" /><testcase classname="backend.tests.test_hubs_connections_media.TestConnectionRequests" name="test_inbox_for_recipient" time="0.116" /><testcase classname="backend.tests.test_hubs_connections_media.TestConnectionRequests" name="test_inbox_filter_by_type" time="0.128" /><testcase classname="backend.tests.test_hubs_connections_media.TestConnectionRequests" name="test_outbox_for_sender" time="0.136" /><testcase classname="backend.tests.test_hubs_connections_media.TestConnectionRequests" name="test_accept_by_non_recipient_forbidden" time="0.136" /><testcase classname="backend.tests.test_hubs_connections_media.TestConnectionRequests" name="test_accept_by_recipient" time="0.148" /><testcase classname="backend.tests.test_hubs_connections_media.TestConnectionRequests" name="test_accept_already_accepted_400" time="0.152" /><testcase classname="backend.tests.test_hubs_connections_media.TestConnectionRequests" name="test_list_accepted_connections" time="0.182" /><testcase classname="backend.tests.test_hubs_connections_media.TestMedia" name="test_upload_photo" time="0.132" /><testcase classname="backend.tests.test_hubs_connections_media.TestMedia" name="test_photo_too_large_413" time="0.397" /><testcase classname="backend.tests.test_hubs_connections_media.TestMedia" name="test_list_photos_public" time="0.136" /><testcase classname="backend.tests.test_hubs_connections_media.TestMedia" name="test_delete_photo" time="0.301" /><testcase classname="backend.tests.test_hubs_connections_media.TestMedia" name="test_upload_video" time="0.236" /><testcase classname="backend.tests.test_hubs_connections_media.TestMedia" name="test_list_videos_public" time="0.204" /><testcase classname="backend.tests.test_hubs_connections_media.TestMedia" name="test_delete_video" time="0.153" /><testcase classname="backend.tests.test_hubs_connections_media.TestMedia" name="test_create_article" time="0.203" /><testcase classname="backend.tests.test_hubs_connections_media.TestMedia" name="test_article_empty_rejected" time="0.122" /><testcase classname="backend.tests.test_hubs_connections_media.TestMedia" name="test_list_articles_public" time="0.126" /><testcase classname="backend.tests.test_hubs_connections_media.TestMedia" name="test_delete_article" time="0.133" /><testcase classname="backend.tests.test_hubs_connections_media.TestPostVideo" name="test_create_post_with_video" time="0.190" /><testcase classname="backend.tests.test_hubs_connections_media.TestPostVideo" name="test_video_persists_in_feed" time="0.372" /></testsuite></testsuites>