<?xml version="1.0" encoding="utf-8"?><testsuites name="pytest tests"><testsuite name="pytest" errors="0" failures="0" skipped="1" tests="16" time="2.409" timestamp="2026-04-21T07:16:18.184751+00:00" hostname="agent-env-a575aa55-f319-469a-957a-c31ec5932006"><testcase classname="backend.tests.test_creator_product_api" name="test_progressive_signup_duplicate_rejected" time="0.585" /><testcase classname="backend.tests.test_creator_product_api" name="test_complete_profile_duplicate_username" time="0.384" /><testcase classname="backend.tests.test_creator_product_api" name="test_get_products_only_approved_excludes_pending" time="0.104" /><testcase classname="backend.tests.test_creator_product_api" name="test_get_my_products_returns_pending" time="0.055" /><testcase classname="backend.tests.test_creator_product_api" name="test_get_product_detail" time="0.049" /><testcase classname="backend.tests.test_creator_product_api" name="test_follow_product_public" time="0.052" /><testcase classname="backend.tests.test_creator_product_api" name="test_support_before_approval_blocked" time="0.425" /><testcase classname="backend.tests.test_creator_product_api" name="test_admin_approve_product" time="0.100" /><testcase classname="backend.tests.test_creator_product_api" name="test_support_insufficient_balance" time="0.050" /><testcase classname="backend.tests.test_creator_product_api" name="test_support_out_of_range" time="0.047" /><testcase classname="backend.tests.test_creator_product_api" name="test_support_success_with_wallet" time="0.200" /><testcase classname="backend.tests.test_creator_product_api" name="test_insights_free_tier" time="0.056" /><testcase classname="backend.tests.test_creator_product_api" name="test_insights_only_creator" time="0.046" /><testcase classname="backend.tests.test_creator_product_api" name="test_unlock_insights_insufficient_balance" time="0.047" /><testcase classname="backend.tests.test_creator_product_api" name="test_net_worth_structure" time="0.049" /><testcase classname="backend.tests.test_creator_product_api" name="test_stokvel_support_product_requires_membership" time="0.046"><skipped type="pytest.skip" message="Cannot create stokvel: 422 {&quot;detail&quot;:[{&quot;type&quot;:&quot;missing&quot;,&quot;loc&quot;:[&quot;body&quot;,&quot;target_amount&quot;],&quot;msg&quot;:&quot;Field required&quot;,&quot;input&quot;:{&quot;name&quot;:&quot;TestStokvel_564dd1cd">/app/backend/tests/test_creator_product_api.py:287: Cannot create stokvel: 422 {"detail":[{"type":"missing","loc":["body","target_amount"],"msg":"Field required","input":{"name":"TestStokvel_564dd1cd</skipped></testcase></testsuite></testsuites>