<?xml version="1.0" encoding="utf-8"?><testsuites name="pytest tests"><testsuite name="pytest" errors="0" failures="0" skipped="0" tests="8" time="9.663" timestamp="2026-04-06T07:52:47.553581+00:00" hostname="agent-env-a575aa55-f319-469a-957a-c31ec5932006"><testcase classname="backend.tests.test_onboarding_api.TestOnboardingSignup" name="test_signup_with_phone_and_fullname" time="0.777" /><testcase classname="backend.tests.test_onboarding_api.TestOnboardingSignup" name="test_signup_phone_stored_in_database" time="1.207" /><testcase classname="backend.tests.test_onboarding_api.TestOnboardingSignup" name="test_referral_code_generated_on_signup" time="0.896" /><testcase classname="backend.tests.test_onboarding_api.TestReferralSystem" name="test_referral_bonus_awarded_to_referrer" time="2.400" /><testcase classname="backend.tests.test_onboarding_api.TestReferralSystem" name="test_invalid_referral_code_ignored" time="0.796" /><testcase classname="backend.tests.test_onboarding_api.TestLoginFlow" name="test_login_with_email_password" time="1.895" /><testcase classname="backend.tests.test_onboarding_api.TestLoginFlow" name="test_login_invalid_credentials" time="0.296" /><testcase classname="backend.tests.test_onboarding_api.TestUserProfile" name="test_get_current_user" time="1.095" /></testsuite></testsuites>