<?xml version="1.0" encoding="utf-8"?><testsuites name="pytest tests"><testsuite name="pytest" errors="0" failures="0" skipped="0" tests="14" time="19.132" timestamp="2026-05-02T14:29:50.288682+00:00" hostname="agent-env-a575aa55-f319-469a-957a-c31ec5932006"><testcase classname="backend.tests.test_stripe_premium.TestStripeCheckoutSession" name="test_create_usd_session" time="5.413" /><testcase classname="backend.tests.test_stripe_premium.TestStripeCheckoutSession" name="test_status_before_payment" time="0.745" /><testcase classname="backend.tests.test_stripe_premium.TestStripeCheckoutSession" name="test_status_wrong_user_forbidden" time="2.593" /><testcase classname="backend.tests.test_stripe_premium.TestStripeCheckoutSession" name="test_status_unknown_session_404" time="1.019" /><testcase classname="backend.tests.test_stripe_premium.TestStripeCheckoutSession" name="test_ngn_rejected_with_paystack_hint" time="0.389" /><testcase classname="backend.tests.test_stripe_premium.TestStripeCheckoutSession" name="test_unknown_currency_400" time="0.962" /><testcase classname="backend.tests.test_stripe_premium.TestStripeCheckoutSession" name="test_no_auth_rejected" time="0.756" /><testcase classname="backend.tests.test_stripe_premium.TestStripeCheckoutSession" name="test_price_cannot_be_manipulated_jpy_integer" time="4.265" /><testcase classname="backend.tests.test_stripe_premium.TestLegacyPremiumEndpoint" name="test_usd_now_routes_to_stripe_400" time="0.411" /><testcase classname="backend.tests.test_stripe_premium.TestLegacyPremiumEndpoint" name="test_ngn_mock_unlocks_and_awards_bonus" time="0.810" /><testcase classname="backend.tests.test_stripe_premium.TestLegacyPremiumEndpoint" name="test_idempotent_second_call_does_not_double_award" time="0.373" /><testcase classname="backend.tests.test_stripe_premium.TestLegacyPremiumEndpoint" name="test_already_premium_blocks_stripe_session" time="0.196" /><testcase classname="backend.tests.test_stripe_premium.TestStripeWebhook" name="test_empty_body_does_not_500" time="0.169" /><testcase classname="backend.tests.test_stripe_premium.TestStripeWebhook" name="test_invalid_body_signature_400" time="0.179" /></testsuite></testsuites>